<?xml version="1.0" encoding="UTF-8"?>
<testsuite name="com.fit4j.examples.kafka.KafkaExampleFIT" tests="1" skipped="0" failures="0" errors="0" timestamp="2025-10-23T15:54:47" hostname="FWQXF07G9F" time="1.528">
  <properties/>
  <testcase name="it should work()" classname="com.fit4j.examples.kafka.KafkaExampleFIT" time="1.528"/>
  <system-out><![CDATA[18:54:44.797 [Test worker] WARN org.springframework.core.annotation.AnnotationTypeMapping -- Support for convention-based annotation attribute overrides is deprecated and will be removed in Spring Framework 6.2. Please annotate the following attributes in @com.fit4j.annotation.IT with appropriate @AliasFor declarations: [webEnvironment]
18:54:44.805 [Test worker] INFO org.springframework.test.context.support.AnnotationConfigContextLoaderUtils -- Could not detect default configuration classes for test class [com.fit4j.examples.kafka.KafkaExampleFIT]: KafkaExampleFIT does not declare any static, non-private, non-final, nested classes annotated with @Configuration.
18:54:44.943 [Test worker] INFO org.springframework.boot.test.context.SpringBootTestContextBootstrapper -- Found @SpringBootConfiguration com.fit4j.examples.ExamplesParentApplication for test class com.fit4j.examples.kafka.KafkaExampleFIT

  .   ____          _            __ _ _
 /\\ / ___'_ __ _ _(_)_ __  __ _ \ \ \ \
( ( )\___ | '_ | '_| | '_ \/ _` | \ \ \ \
 \\/  ___)| |_)| | | | | || (_| |  ) ) ) )
  '  |____| .__|_| |_|_| |_\__, | / / / /
 =========|_|==============|___/=/_/_/_/

 :: Spring Boot ::                (v3.3.7)

2025-10-23T18:54:45.178+03:00  INFO 95825 --- [    Test worker] k.utils.Log4jControllerRegistration$     : Registered kafka:type=kafka.Log4jController MBean
2025-10-23T18:54:45.186+03:00  INFO 95825 --- [    Test worker] o.a.zookeeper.server.ZooKeeperServer     : 
2025-10-23T18:54:45.186+03:00  INFO 95825 --- [    Test worker] o.a.zookeeper.server.ZooKeeperServer     :   ______                  _                                          
2025-10-23T18:54:45.186+03:00  INFO 95825 --- [    Test worker] o.a.zookeeper.server.ZooKeeperServer     :  |___  /                 | |                                         
2025-10-23T18:54:45.186+03:00  INFO 95825 --- [    Test worker] o.a.zookeeper.server.ZooKeeperServer     :     / /    ___     ___   | | __   ___    ___   _ __     ___   _ __   
2025-10-23T18:54:45.186+03:00  INFO 95825 --- [    Test worker] o.a.zookeeper.server.ZooKeeperServer     :    / /    / _ \   / _ \  | |/ /  / _ \  / _ \ | '_ \   / _ \ | '__|
2025-10-23T18:54:45.186+03:00  INFO 95825 --- [    Test worker] o.a.zookeeper.server.ZooKeeperServer     :   / /__  | (_) | | (_) | |   <  |  __/ |  __/ | |_) | |  __/ | |    
2025-10-23T18:54:45.186+03:00  INFO 95825 --- [    Test worker] o.a.zookeeper.server.ZooKeeperServer     :  /_____|  \___/   \___/  |_|\_\  \___|  \___| | .__/   \___| |_|
2025-10-23T18:54:45.186+03:00  INFO 95825 --- [    Test worker] o.a.zookeeper.server.ZooKeeperServer     :                                               | |                     
2025-10-23T18:54:45.186+03:00  INFO 95825 --- [    Test worker] o.a.zookeeper.server.ZooKeeperServer     :                                               |_|                     
2025-10-23T18:54:45.186+03:00  INFO 95825 --- [    Test worker] o.a.zookeeper.server.ZooKeeperServer     : 
2025-10-23T18:54:45.192+03:00  INFO 95825 --- [    Test worker] o.a.zookeeper.server.ZooKeeperServer     : Server environment:zookeeper.version=3.8.4-9316c2a7a97e1666d8f4593f34dd6fc36ecc436c, built on 2024-02-12 22:16 UTC
2025-10-23T18:54:45.192+03:00  INFO 95825 --- [    Test worker] o.a.zookeeper.server.ZooKeeperServer     : Server environment:host.name=192.168.68.118
2025-10-23T18:54:45.192+03:00  INFO 95825 --- [    Test worker] o.a.zookeeper.server.ZooKeeperServer     : Server environment:java.version=17.0.2
2025-10-23T18:54:45.192+03:00  INFO 95825 --- [    Test worker] o.a.zookeeper.server.ZooKeeperServer     : Server environment:java.vendor=Oracle Corporation
2025-10-23T18:54:45.192+03:00  INFO 95825 --- [    Test worker] o.a.zookeeper.server.ZooKeeperServer     : Server environment:java.home=/Users/kenan.sevindik/.local/share/mise/installs/java/17.0.2
2025-10-23T18:54:45.192+03:00  INFO 95825 --- [    Test worker] o.a.zookeeper.server.ZooKeeperServer     : Server environment:java.class.path=/Users/kenan.sevindik/.gradle/caches/7.6.4/workerMain/gradle-worker.jar:/Users/kenan.sevindik/git-projects/personal/fit4j/fit4j-examples/example-kafka/build/classes/kotlin/test:/Users/kenan.sevindik/git-projects/personal/fit4j/fit4j-examples/example-kafka/build/resources/test:/Users/kenan.sevindik/.m2/repository/com/fit4j/fit4j/1.0.0-SNAPSHOT/fit4j-1.0.0-SNAPSHOT.jar:/Users/kenan.sevindik/git-projects/personal/fit4j/fit4j-examples/build/libs/fit4j-examples.jar:/Users/kenan.sevindik/.gradle/caches/modules-2/files-2.1/io.grpc/grpc-kotlin-stub/1.4.3/b5adfb8c72d6e16e61fb4af7b3465554ec791ff0/grpc-kotlin-stub-1.4.3.jar:/Users/kenan.sevindik/.gradle/caches/modules-2/files-2.1/io.github.resilience4j/resilience4j-kotlin/2.2.0/9bda85724bc7b5dd47616325ce5af38ecf5e3685/resilience4j-kotlin-2.2.0.jar:/Users/kenan.sevindik/.gradle/caches/modules-2/files-2.1/org.jetbrains.kotlinx/kotlinx-coroutines-core-jvm/1.8.1/bb0e192bd7c2b6b8217440d36e9758e377e450/kotlinx-coroutines-core-jvm-1.8.1.jar:/Users/kenan.sevindik/.gradle/caches/modules-2/files-2.1/io.mockk/mockk/1.9.1/5058fc2840d2247795bc94afa609c824a06520f9/mockk-1.9.1.jar:/Users/kenan.sevindik/.gradle/caches/modules-2/files-2.1/com.amazonaws/DynamoDBLocal/2.2.1/eb38f0614eb86d17934cad3cc1c68172e9cd536a/DynamoDBLocal-2.2.1.jar:/Users/kenan.sevindik/.gradle/caches/modules-2/files-2.1/org.springframework.boot/spring-boot-starter-web/3.3.7/75a362710036e1e597fb92df9f793561517cc821/spring-boot-starter-web-3.3.7.jar:/Users/kenan.sevindik/.gradle/caches/modules-2/files-2.1/org.springframework.boot/spring-boot-starter-json/3.3.7/d3ced6ed8c17d8b8616ec45ac95c213c5a1ca7a2/spring-boot-starter-json-3.3.7.jar:/Users/kenan.sevindik/.gradle/caches/modules-2/files-2.1/com.fasterxml.jackson.datatype/jackson-datatype-jsr310/2.17.3/a25fe2f5607fea9e00ed00cf81b7aa2eaacbbd6e/jackson-datatype-jsr310-2.17.3.jar:/Users/kenan.sevindik/.gradle/caches/modules-2/files-2.1/org.springframework.kafka/spring-kafka-test/3.2.6/203ef40607843c5286721429e54f4051b88664cd/spring-kafka-test-3.2.6.jar:/Users/kenan.sevindik/.gradle/caches/modules-2/files-2.1/org.apache.kafka/kafka_2.13/3.7.2/4543d4cab547e667bb6798617be2138f3fccbb7e/kafka_2.13-3.7.2.jar:/Users/kenan.sevindik/.gradle/caches/modules-2/files-2.1/org.apache.kafka/kafka_2.13/3.7.2/8824d29ecfe633cc94e1f77ef0bdbcd0ddabfd8f/kafka_2.13-3.7.2-test.jar:/Users/kenan.sevindik/.gradle/caches/modules-2/files-2.1/org.apache.kafka/kafka-group-coordinator/3.7.2/6482d4bf89c5de4b96c6ef1042ed8a1059b058c3/kafka-group-coordinator-3.7.2.jar:/Users/kenan.sevindik/.gradle/caches/modules-2/files-2.1/org.apache.kafka/kafka-metadata/3.7.2/d2e0259cb725882cb6983bb527138362e04dd94f/kafka-metadata-3.7.2.jar:/Users/kenan.sevindik/.gradle/caches/modules-2/files-2.1/org.apache.kafka/kafka-storage/3.7.2/b770ddb74a0aeac15031bcdd8a83bee1ff497b4e/kafka-storage-3.7.2.jar:/Users/kenan.sevindik/.gradle/caches/modules-2/files-2.1/org.apache.kafka/kafka-storage-api/3.7.2/67f4d361978ac044e806b0cceac80f451e1c34d/kafka-storage-api-3.7.2.jar:/Users/kenan.sevindik/.gradle/caches/modules-2/files-2.1/org.apache.kafka/kafka-raft/3.7.2/a764c3da1e992e8a667dc862c9c49fa3e22aa5cc/kafka-raft-3.7.2.jar:/Users/kenan.sevindik/.gradle/caches/modules-2/files-2.1/org.apache.kafka/kafka-server/3.7.2/5fe5cd22a81e2ef3bfaea11d9a7875b4245cb4e1/kafka-server-3.7.2.jar:/Users/kenan.sevindik/.gradle/caches/modules-2/files-2.1/org.apache.kafka/kafka-server-common/3.7.2/38a832df3ae62ad95f17f6d9789f89cb00f26500/kafka-server-common-3.7.2.jar:/Users/kenan.sevindik/.gradle/caches/modules-2/files-2.1/org.apache.kafka/kafka-server-common/3.7.2/e4bda4a7159de706b61fd3a8c65a7886597eb09b/kafka-server-common-3.7.2-test.jar:/Users/kenan.sevindik/.gradle/caches/modules-2/files-2.1/com.amazonaws/aws-java-sdk-dynamodb/1.12.587/a091b76eb3404660871052bc6991ef02f2cedcf4/aws-java-sdk-dynamodb-1.12.587.jar:/Users/kenan.sevindik/.gradle/caches/modules-2/files-2.1/com.amazonaws/aws-java-sdk-s3/1.12.587/8b9c83e6c3f0cf3b978cc80c6bc98c47d949e854/aws-java-sdk-s3-1.12.587.jar:/Users/kenan.sevindik/.gradle/caches/modules-2/files-2.1/com.amazonaws/aws-java-sdk-kms/1.12.587/4333f14a47bc7dd2425a8517338ed3712ec5ebdd/aws-java-sdk-kms-1.12.587.jar:/Users/kenan.sevindik/.gradle/caches/modules-2/files-2.1/com.amazonaws/aws-java-sdk-core/1.12.587/a31133e58b1e16e8d3b958f9c35b47e6b0e8ce43/aws-java-sdk-core-1.12.587.jar:/Users/kenan.sevindik/.gradle/caches/modules-2/files-2.1/com.fasterxml.jackson.module/jackson-module-scala_2.13/2.17.3/8ef54fec5b2987008d5cd62a0e9f15df844d9833/jackson-module-scala_2.13-2.17.3.jar:/Users/kenan.sevindik/.gradle/caches/modules-2/files-2.1/com.fasterxml.jackson.dataformat/jackson-dataformat-csv/2.17.3/9bdd7aa9cb3b1697efbca47c787721d36f169582/jackson-dataformat-csv-2.17.3.jar:/Users/kenan.sevindik/.gradle/caches/modules-2/files-2.1/com.fasterxml.jackson.datatype/jackson-datatype-jdk8/2.17.3/2b8b1894dc9798e761bd565df51ef1fc44c75a2a/jackson-datatype-jdk8-2.17.3.jar:/Users/kenan.sevindik/.gradle/caches/modules-2/files-2.1/org.apache.kafka/kafka-streams-test-utils/3.7.2/ad051ca181e39c2b44916f2d9c043e7642d58ef6/kafka-streams-test-utils-3.7.2.jar:/Users/kenan.sevindik/.gradle/caches/modules-2/files-2.1/org.apache.kafka/kafka-streams/3.7.2/5c0fa86a7386f992a877b59c807bc2b263efce2/kafka-streams-3.7.2.jar:/Users/kenan.sevindik/.gradle/caches/modules-2/files-2.1/com.fasterxml.jackson.dataformat/jackson-dataformat-cbor/2.17.3/5286b5df35824b8c2a8ceae9a54e99dca9220e15/jackson-dataformat-cbor-2.17.3.jar:/Users/kenan.sevindik/.gradle/caches/modules-2/files-2.1/com.amazonaws/jmespath-java/1.12.587/e38d331f0fdfc66c9556ff8866531960705566af/jmespath-java-1.12.587.jar:/Users/kenan.sevindik/.gradle/caches/modules-2/files-2.1/com.fasterxml.jackson.module/jackson-module-parameter-names/2.17.3/41feb893351163ee5b395358e5fe1404cd1c432d/jackson-module-parameter-names-2.17.3.jar:/Users/kenan.sevindik/.gradle/caches/modules-2/files-2.1/com.fasterxml.jackson.core/jackson-databind/2.17.3/42c617beb411ee813bdc39a287424bfb19d99185/jackson-databind-2.17.3.jar:/Users/kenan.sevindik/.gradle/caches/modules-2/files-2.1/org.testcontainers/junit-jupiter/1.19.8/ff21e604a365dc8e932416313a536b614eb847d5/junit-jupiter-1.19.8.jar:/Users/kenan.sevindik/.gradle/caches/modules-2/files-2.1/org.testcontainers/kafka/1.19.8/6fee6eca81ea34637ce4fc10a6b6cab08251127/kafka-1.19.8.jar:/Users/kenan.sevindik/.gradle/caches/modules-2/files-2.1/org.testcontainers/elasticsearch/1.19.8/8583b9fb2e43a0e384e8ba718d04ecfde6977a4c/elasticsearch-1.19.8.jar:/Users/kenan.sevindik/.gradle/caches/modules-2/files-2.1/org.testcontainers/mysql/1.19.8/f6aa99d924764816efd7f18c7d7bc17ee2f11853/mysql-1.19.8.jar:/Users/kenan.sevindik/.gradle/caches/modules-2/files-2.1/org.testcontainers/jdbc/1.19.8/c2282cb89ecf269885fb1a3f8add78760175274c/jdbc-1.19.8.jar:/Users/kenan.sevindik/.gradle/caches/modules-2/files-2.1/org.testcontainers/database-commons/1.19.8/4e6777f6dd803ed35d47ab6035c962329e87692e/database-commons-1.19.8.jar:/Users/kenan.sevindik/.gradle/caches/modules-2/files-2.1/org.testcontainers/testcontainers/1.19.8/f29b06c6f2aa69f4125f6cb95ed61d3efe63c30/testcontainers-1.19.8.jar:/Users/kenan.sevindik/.gradle/caches/modules-2/files-2.1/com.github.docker-java/docker-java-api/3.3.6/8e152880bfe595c81a25501e21a6d7b1d4df97be/docker-java-api-3.3.6.jar:/Users/kenan.sevindik/.gradle/caches/modules-2/files-2.1/com.fasterxml.jackson.core/jackson-annotations/2.17.3/4f30a05d2eee0ab700cdc27aa5967e934d3042b2/jackson-annotations-2.17.3.jar:/Users/kenan.sevindik/.gradle/caches/modules-2/files-2.1/com.fasterxml.jackson.core/jackson-core/2.17.3/1d6eb3e959c737692b720d3492b2f1f34c4c8579/jackson-core-2.17.3.jar:/Users/kenan.sevindik/.gradle/caches/modules-2/files-2.1/com.fasterxml.jackson.module/jackson-module-kotlin/2.17.3/25497a88d2768c96da47c224d101055b6bbcbe23/jackson-module-kotlin-2.17.3.jar:/Users/kenan.sevindik/.gradle/caches/modules-2/files-2.1/io.mockk/mockk-dsl-jvm/1.9.1/8f4e5f96e6dc2f26793184383d8bdaeabb78f71a/mockk-dsl-jvm-1.9.1.jar:/Users/kenan.sevindik/.gradle/caches/modules-2/files-2.1/org.jetbrains.kotlin/kotlin-reflect/1.9.25/73023c38b7b20430232893cf9b556dc8486e07a4/kotlin-reflect-1.9.25.jar:/Users/kenan.sevindik/.gradle/caches/modules-2/files-2.1/com.squareup.okhttp3/mockwebserver/4.12.0/3bc54cc5c87cd632031d0881f3c313d3799a1476/mockwebserver-4.12.0.jar:/Users/kenan.sevindik/.gradle/caches/modules-2/files-2.1/com.squareup.okhttp3/okhttp/4.12.0/2f4525d4a200e97e1b87449c2cd9bd2e25b7e8cd/okhttp-4.12.0.jar:/Users/kenan.sevindik/.gradle/caches/modules-2/files-2.1/com.squareup.okio/okio-jvm/3.6.0/5600569133b7bdefe1daf9ec7f4abeb6d13e1786/okio-jvm-3.6.0.jar:/Users/kenan.sevindik/.gradle/caches/modules-2/files-2.1/org.jetbrains.kotlin/kotlin-stdlib-jdk8/1.9.25/20d44e880a284f7b5cd99dd69450b403073f49b2/kotlin-stdlib-jdk8-1.9.25.jar:/Users/kenan.sevindik/.gradle/caches/modules-2/files-2.1/org.jetbrains.kotlin/kotlin-stdlib-jdk7/1.9.25/1c166692314a2639e5edfed0d23ed7eee4a5c7a5/kotlin-stdlib-jdk7-1.9.25.jar:/Users/kenan.sevindik/.gradle/caches/modules-2/files-2.1/org.jetbrains.kotlin/kotlin-stdlib/2.0.20/7388d355f7cceb002cd387ccb7ab3850e4e0a07f/kotlin-stdlib-2.0.20.jar:/Users/kenan.sevindik/.gradle/caches/modules-2/files-2.1/org.springframework.boot/spring-boot-starter-test/3.3.7/b6f6a179441e309524b48eac7d856e8496210c86/spring-boot-starter-test-3.3.7.jar:/Users/kenan.sevindik/.gradle/caches/modules-2/files-2.1/org.springframework.kafka/spring-kafka/3.2.6/1d92db65f840088511dbe3462c3d3b0595e5a06f/spring-kafka-3.2.6.jar:/Users/kenan.sevindik/.gradle/caches/modules-2/files-2.1/net.devh/grpc-spring-boot-starter/3.1.0.RELEASE/2a6f516ac79d132f79bf93999d178a3d38da3781/grpc-spring-boot-starter-3.1.0.RELEASE.jar:/Users/kenan.sevindik/.gradle/caches/modules-2/files-2.1/net.devh/grpc-server-spring-boot-starter/3.1.0.RELEASE/351d46edd2e6d7444298f7711e17fbe8d8608755/grpc-server-spring-boot-starter-3.1.0.RELEASE.jar:/Users/kenan.sevindik/.gradle/caches/modules-2/files-2.1/net.devh/grpc-client-spring-boot-starter/3.1.0.RELEASE/731890e2098e859e95a890c209abfd9ab35c9f56/grpc-client-spring-boot-starter-3.1.0.RELEASE.jar:/Users/kenan.sevindik/.gradle/caches/modules-2/files-2.1/io.grpc/grpc-services/1.63.0/33b4e6da7c8651fe4b29c167269c7d65f1154406/grpc-services-1.63.0.jar:/Users/kenan.sevindik/.gradle/caches/modules-2/files-2.1/io.grpc/grpc-protobuf/1.63.0/d5f8df431537b4656873be908f64e1a4fe604cd3/grpc-protobuf-1.63.0.jar:/Users/kenan.sevindik/.gradle/caches/modules-2/files-2.1/com.google.api.grpc/proto-google-common-protos/2.29.0/eb1cf1cf4c12d5eb9cef958dfd76af4101c55a62/proto-google-common-protos-2.29.0.jar:/Users/kenan.sevindik/.gradle/caches/modules-2/files-2.1/com.google.protobuf/protobuf-java-util/3.25.1/52ef56370091e0088ca1a8bca39cd03c6becc2dc/protobuf-java-util-3.25.1.jar:/Users/kenan.sevindik/.gradle/caches/modules-2/files-2.1/com.google.protobuf/protobuf-java/3.25.1/2933a5c3f022456d8842323fe0d7fb2d25a7e3c7/protobuf-java-3.25.1.jar:/Users/kenan.sevindik/.gradle/caches/modules-2/files-2.1/org.assertj/assertj-core/3.25.3/792b270e73aa1cfc28fa135be0b95e69ea451432/assertj-core-3.25.3.jar:/Users/kenan.sevindik/.gradle/caches/modules-2/files-2.1/jakarta.xml.bind/jakarta.xml.bind-api/4.0.2/6cd5a999b834b63238005b7144136379dc36cad2/jakarta.xml.bind-api-4.0.2.jar:/Users/kenan.sevindik/.gradle/caches/modules-2/files-2.1/jakarta.activation/jakarta.activation-api/2.1.3/fa165bd70cda600368eee31555222776a46b881f/jakarta.activation-api-2.1.3.jar:/Users/kenan.sevindik/.gradle/caches/modules-2/files-2.1/org.eclipse.jetty/jetty-client/12.0.16/5107a785b8c102eb92325afc01a8386256391282/jetty-client-12.0.16.jar:/Users/kenan.sevindik/.gradle/caches/modules-2/files-2.1/org.eclipse.jetty/jetty-alpn-client/12.0.16/816638beac095aab1ba09ae87b23e98ef5f2f049/jetty-alpn-client-12.0.16.jar:/Users/kenan.sevindik/.gradle/caches/modules-2/files-2.1/org.eclipse.jetty/jetty-server/12.0.16/3e3638b4bfbee04c27b3ae68e4949fc43b40a042/jetty-server-12.0.16.jar:/Users/kenan.sevindik/.gradle/caches/modules-2/files-2.1/org.eclipse.jetty/jetty-http/12.0.16/68019fa90e8420ae15c109bd8c8611cacbaf43e5/jetty-http-12.0.16.jar:/Users/kenan.sevindik/.gradle/caches/modules-2/files-2.1/org.eclipse.jetty/jetty-io/12.0.16/7a162c537a99bbaf35a074fec9a50815e6c81d9d/jetty-io-12.0.16.jar:/Users/kenan.sevindik/.gradle/caches/modules-2/files-2.1/org.eclipse.jetty/jetty-util/12.0.16/e262e505363e5925df15618622d9888aefc1b0d0/jetty-util-12.0.16.jar:/Users/kenan.sevindik/.gradle/caches/modules-2/files-2.1/org.mockito/mockito-junit-jupiter/5.11.0/8e658dd339f40305ed4293db25545b5df98b171b/mockito-junit-jupiter-5.11.0.jar:/Users/kenan.sevindik/.gradle/caches/modules-2/files-2.1/org.junit.jupiter/junit-jupiter-params/5.10.5/e19d95e190aedb81c883d50cc05b1860400d957c/junit-jupiter-params-5.10.5.jar:/Users/kenan.sevindik/.gradle/caches/modules-2/files-2.1/org.junit.jupiter/junit-jupiter-engine/5.10.5/e234785788419ffdfc4b65474b2081c0a9f7e77d/junit-jupiter-engine-5.10.5.jar:/Users/kenan.sevindik/.gradle/caches/modules-2/files-2.1/org.junit.jupiter/junit-jupiter-api/5.10.5/a5c09855b0087daaddaa5faa5100ab2555d5e111/junit-jupiter-api-5.10.5.jar:/Users/kenan.sevindik/.gradle/caches/modules-2/files-2.1/org.junit.platform/junit-platform-launcher/1.10.5/3b16b91a447cf687c968ee23d21827534fdac5a2/junit-platform-launcher-1.10.5.jar:/Users/kenan.sevindik/.gradle/caches/modules-2/files-2.1/org.junit.platform/junit-platform-engine/1.10.5/7db4b98a955a2686d893a8a209591f029c438b44/junit-platform-engine-1.10.5.jar:/Users/kenan.sevindik/.gradle/caches/modules-2/files-2.1/org.junit.platform/junit-platform-commons/1.10.5/6d1985c5eece30fb9faafe9bf1f5e005ac3d0fcc/junit-platform-commons-1.10.5.jar:/Users/kenan.sevindik/.gradle/caches/modules-2/files-2.1/org.junit.jupiter/junit-jupiter/5.10.5/cbf98926c44240c9ca1519a20e58722be6d6a44a/junit-jupiter-5.10.5.jar:/Users/kenan.sevindik/.gradle/caches/modules-2/files-2.1/org.apache.logging.log4j/log4j-core/2.23.1/905802940e2c78042d75b837c136ac477d2b4e4d/log4j-core-2.23.1.jar:/Users/kenan.sevindik/.gradle/caches/modules-2/files-2.1/org.springframework.boot/spring-boot-starter-aop/3.3.7/7ca61c90cf88acaa672d1db7096b45124b0d1d07/spring-boot-starter-aop-3.3.7.jar:/Users/kenan.sevindik/.gradle/caches/modules-2/files-2.1/org.springframework.boot/spring-boot-starter-data-jdbc/3.3.7/14c1ee8f0e3f7ddfa8eb08fb9f2ca8d6ff3cf876/spring-boot-starter-data-jdbc-3.3.7.jar:/Users/kenan.sevindik/.gradle/caches/modules-2/files-2.1/org.springframework.boot/spring-boot-starter-jdbc/3.3.7/fa187caa903899f628a0bb6f336d4810ebcbf999/spring-boot-starter-jdbc-3.3.7.jar:/Users/kenan.sevindik/.gradle/caches/modules-2/files-2.1/net.devh/grpc-common-spring-boot/3.1.0.RELEASE/6e099d9299f4869082c9ef90789252b79f0755cb/grpc-common-spring-boot-3.1.0.RELEASE.jar:/Users/kenan.sevindik/.gradle/caches/modules-2/files-2.1/org.springframework.boot/spring-boot-starter/3.3.7/42daee99de66e03b54966d36ce9be01f99b4e7b7/spring-boot-starter-3.3.7.jar:/Users/kenan.sevindik/.gradle/caches/modules-2/files-2.1/org.springframework.boot/spring-boot-starter-logging/3.3.7/9081faa5b4a318a9366960e982845189f2b86f08/spring-boot-starter-logging-3.3.7.jar:/Users/kenan.sevindik/.gradle/caches/modules-2/files-2.1/org.apache.logging.log4j/log4j-to-slf4j/2.23.1/425ad1eb8a39904d2830e907a324e956fb456520/log4j-to-slf4j-2.23.1.jar:/Users/kenan.sevindik/.gradle/caches/modules-2/files-2.1/org.apache.logging.log4j/log4j-api/2.23.1/9c15c29c526d9c6783049c0a77722693c66706e1/log4j-api-2.23.1.jar:/Users/kenan.sevindik/.gradle/caches/modules-2/files-2.1/io.github.resilience4j/resilience4j-micrometer/2.2.0/67470bfe3a59e74bc5198aef9b2c6fabab67c35d/resilience4j-micrometer-2.2.0.jar:/Users/kenan.sevindik/.gradle/caches/modules-2/files-2.1/org.springframework.boot/spring-boot-test-autoconfigure/3.3.7/700b94f8c2adcf859149bc87d3762685f056579c/spring-boot-test-autoconfigure-3.3.7.jar:/Users/kenan.sevindik/.gradle/caches/modules-2/files-2.1/org.springframework.boot/spring-boot-test/3.3.7/fe37e1b4a6c0b517087bba62f0b1a4c26ff0b710/spring-boot-test-3.3.7.jar:/Users/kenan.sevindik/.gradle/caches/modules-2/files-2.1/org.springframework.boot/spring-boot-autoconfigure/3.3.7/2c0bf81965c43562b51d52511dc4eb58b1d437c8/spring-boot-autoconfigure-3.3.7.jar:/Users/kenan.sevindik/.gradle/caches/modules-2/files-2.1/org.springframework.boot/spring-boot/3.3.7/a97a34c98b9814d20883b862d4aa5066d5218477/spring-boot-3.3.7.jar:/Users/kenan.sevindik/.gradle/caches/modules-2/files-2.1/org.springframework/spring-webmvc/6.1.16/a90b539656b99590ce19c327e317ad89967d1784/spring-webmvc-6.1.16.jar:/Users/kenan.sevindik/.gradle/caches/modules-2/files-2.1/org.springframework.data/spring-data-jdbc/3.3.7/394469bc3fc5dd81f6038af3a7c28ae3497fa735/spring-data-jdbc-3.3.7.jar:/Users/kenan.sevindik/.gradle/caches/modules-2/files-2.1/org.springframework.data/spring-data-relational/3.3.7/73366fac2c9d74101a5d4bb6a9fb634e2279298c/spring-data-relational-3.3.7.jar:/Users/kenan.sevindik/.gradle/caches/modules-2/files-2.1/org.springframework/spring-context/6.1.16/2cf6295ab7d9713902bfd8c123060f3632c19bbe/spring-context-6.1.16.jar:/Users/kenan.sevindik/.gradle/caches/modules-2/files-2.1/io.micrometer/micrometer-core/1.13.9/187e9eaba7d37f65d38a5731f2d0c5e97e591237/micrometer-core-1.13.9.jar:/Users/kenan.sevindik/.gradle/caches/modules-2/files-2.1/org.springframework/spring-web/6.1.16/e3a9185be7af644cde2e446787747a4f93ec8ad9/spring-web-6.1.16.jar:/Users/kenan.sevindik/.gradle/caches/modules-2/files-2.1/io.micrometer/micrometer-observation/1.13.9/c52e215e206d6a72fa481809a894efd20cb793fb/micrometer-observation-1.13.9.jar:/Users/kenan.sevindik/.gradle/caches/modules-2/files-2.1/io.micrometer/micrometer-commons/1.13.9/e13aab8d19d87c6b1ec7e983fc70c1579f5e7ba/micrometer-commons-1.13.9.jar:/Users/kenan.sevindik/.gradle/caches/modules-2/files-2.1/org.mockito/mockito-core/5.11.0/e4069fa4f4ff2c94322cfec5f2e45341c6c70aff/mockito-core-5.11.0.jar:/Users/kenan.sevindik/.gradle/caches/modules-2/files-2.1/org.apache.zookeeper/zookeeper/3.8.4/6638e37b887b5a279044afbdc9928e19f678eb2e/zookeeper-3.8.4.jar:/Users/kenan.sevindik/.gradle/caches/modules-2/files-2.1/software.amazon.awssdk/cognitoidentity/2.20.144/50d4bef58c862985e8e5d6a76d88d3990cd8c7d4/cognitoidentity-2.20.144.jar:/Users/kenan.sevindik/.gradle/caches/modules-2/files-2.1/software.amazon.awssdk/cognitoidentityprovider/2.20.144/83033f956fb9ed25bfe6234a40e4e960843df853/cognitoidentityprovider-2.20.144.jar:/Users/kenan.sevindik/.gradle/caches/modules-2/files-2.1/software.amazon.awssdk/pinpoint/2.20.144/251806ffc53a4b3fe7628519e2bdb545fc22c86c/pinpoint-2.20.144.jar:/Users/kenan.sevindik/.gradle/caches/modules-2/files-2.1/software.amazon.awssdk/dynamodb-enhanced/2.20.144/67ad965fe5efe1cafbb06418959b6ec9d547b297/dynamodb-enhanced-2.20.144.jar:/Users/kenan.sevindik/.gradle/caches/modules-2/files-2.1/software.amazon.awssdk/dynamodb/2.20.144/a68ba09a98fdd0f07150521588388dff70f66873/dynamodb-2.20.144.jar:/Users/kenan.sevindik/.gradle/caches/modules-2/files-2.1/software.amazon.awssdk/netty-nio-client/2.20.144/47c1cafe9242b8f741b311de3e2445d338eccf20/netty-nio-client-2.20.144.jar:/Users/kenan.sevindik/.gradle/caches/modules-2/files-2.1/io.netty/netty-codec-http2/4.1.116.Final/5aefc3cf9ca7df764d0b15b9cb9b6e706a4a55b3/netty-codec-http2-4.1.116.Final.jar:/Users/kenan.sevindik/.gradle/caches/modules-2/files-2.1/io.netty/netty-codec-http/4.1.116.Final/75a0455171848a4188a9f77e9a1e76a036381260/netty-codec-http-4.1.116.Final.jar:/Users/kenan.sevindik/.gradle/caches/modules-2/files-2.1/io.netty/netty-handler/4.1.116.Final/eaef854ef33f3fd3d0ecf927690d8112c710bc05/netty-handler-4.1.116.Final.jar:/Users/kenan.sevindik/.gradle/caches/modules-2/files-2.1/io.netty/netty-transport-native-epoll/4.1.116.Final/1c6021a777b96562078d38f62ab8bd7d87627d18/netty-transport-native-epoll-4.1.116.Final.jar:/Users/kenan.sevindik/.gradle/caches/modules-2/files-2.1/io.netty/netty-transport-classes-epoll/4.1.116.Final/ce620832453892a92be73f672cd79a36f8c60235/netty-transport-classes-epoll-4.1.116.Final.jar:/Users/kenan.sevindik/.gradle/caches/modules-2/files-2.1/io.netty/netty-transport-native-unix-common/4.1.116.Final/1f77d6d8e582ded200e0be1462afbc7563144e12/netty-transport-native-unix-common-4.1.116.Final.jar:/Users/kenan.sevindik/.gradle/caches/modules-2/files-2.1/io.netty/netty-codec/4.1.116.Final/cbe928f601e51a0b5750342b6dad5d35fa12f745/netty-codec-4.1.116.Final.jar:/Users/kenan.sevindik/.gradle/caches/modules-2/files-2.1/io.netty/netty-transport/4.1.116.Final/3fa60bbc84222a691bb0686a82308b8e180812b7/netty-transport-4.1.116.Final.jar:/Users/kenan.sevindik/.gradle/caches/modules-2/files-2.1/io.netty/netty-buffer/4.1.116.Final/77a86414b9c1e52622e467f1ef7ccb473996742a/netty-buffer-4.1.116.Final.jar:/Users/kenan.sevindik/.gradle/caches/modules-2/files-2.1/io.netty/netty-resolver/4.1.116.Final/82fc6bbf59eae483712c8716b8d1f5112b1721a0/netty-resolver-4.1.116.Final.jar:/Users/kenan.sevindik/.gradle/caches/modules-2/files-2.1/io.netty/netty-common/4.1.116.Final/6871f95af2bc3a98fda34a580baf6cac8cbc2944/netty-common-4.1.116.Final.jar:/Users/kenan.sevindik/.gradle/caches/modules-2/files-2.1/co.elastic.clients/elasticsearch-java/8.13.4/3c8e5b92bef09595d94dd607810a1c2697a743ad/elasticsearch-java-8.13.4.jar:/Users/kenan.sevindik/.gradle/caches/modules-2/files-2.1/io.opentelemetry/opentelemetry-api/1.38.0/f3e97c5e57a6d113cc54c5c8a1474c43cec0173/opentelemetry-api-1.38.0.jar:/Users/kenan.sevindik/.gradle/caches/modules-2/files-2.1/io.opentelemetry/opentelemetry-context/1.38.0/b87f29fc830776394c3167ccdb82d8baa9f60d5d/opentelemetry-context-1.38.0.jar:/Users/kenan.sevindik/.gradle/caches/modules-2/files-2.1/software.amazon.awssdk/aws-json-protocol/2.20.144/acfd0230b84973a4367fa1449b3d824017ef06a8/aws-json-protocol-2.20.144.jar:/Users/kenan.sevindik/.gradle/caches/modules-2/files-2.1/software.amazon.awssdk/protocol-core/2.20.144/6464bcd803ce06b848f9530e1cc58c5e19a5037a/protocol-core-2.20.144.jar:/Users/kenan.sevindik/.gradle/caches/modules-2/files-2.1/software.amazon.awssdk/aws-core/2.20.144/d0338e5da6e769ba2d8c7c37ee5593d0020a68cd/aws-core-2.20.144.jar:/Users/kenan.sevindik/.gradle/caches/modules-2/files-2.1/software.amazon.awssdk/auth/2.20.144/f60123e5995ade328d82460eacd0bd584dc81bf0/auth-2.20.144.jar:/Users/kenan.sevindik/.gradle/caches/modules-2/files-2.1/software.amazon.awssdk/regions/2.20.144/2e5bbc24cb4c503dae6d476236c221282dfdb5d5/regions-2.20.144.jar:/Users/kenan.sevindik/.gradle/caches/modules-2/files-2.1/software.amazon.awssdk/sdk-core/2.20.144/1a18e32e2d5e2836e4999732b2e6bb988f2a4ff3/sdk-core-2.20.144.jar:/Users/kenan.sevindik/.gradle/caches/modules-2/files-2.1/software.amazon.awssdk/apache-client/2.20.144/f70c02a553b857861e1f38ba8580fec948b42f9c/apache-client-2.20.144.jar:/Users/kenan.sevindik/.gradle/caches/modules-2/files-2.1/software.amazon.awssdk/http-client-spi/2.20.144/91e2d1978eca13cf15463586a35a220554c164f7/http-client-spi-2.20.144.jar:/Users/kenan.sevindik/.gradle/caches/modules-2/files-2.1/software.amazon.awssdk/metrics-spi/2.20.144/6c591d8a9a37bd350818bea008f5e74a2cd90ce4/metrics-spi-2.20.144.jar:/Users/kenan.sevindik/.gradle/caches/modules-2/files-2.1/software.amazon.awssdk/json-utils/2.20.144/b79c66c05de40e2aacbaab889ca49ff4024d5c49/json-utils-2.20.144.jar:/Users/kenan.sevindik/.gradle/caches/modules-2/files-2.1/software.amazon.awssdk/profiles/2.20.144/11a519e3ddb38a1162273d54afd0e007d422278b/profiles-2.20.144.jar:/Users/kenan.sevindik/.gradle/caches/modules-2/files-2.1/software.amazon.awssdk/utils/2.20.144/7e4f5ea5f0d84a3fa818144a73e3b45641f11ccf/utils-2.20.144.jar:/Users/kenan.sevindik/.gradle/caches/modules-2/files-2.1/org.reactivestreams/reactive-streams/1.0.4/3864a1320d97d7b045f729a326e1e077661f31b7/reactive-streams-1.0.4.jar:/Users/kenan.sevindik/.gradle/caches/modules-2/files-2.1/org.springframework.data/spring-data-commons/3.3.7/6c380b648c302d67b5eb5a79de867909f7bbd7eb/spring-data-commons-3.3.7.jar:/Users/kenan.sevindik/.gradle/caches/modules-2/files-2.1/org.springframework/spring-aop/6.1.16/c2203c1b61446c3f2a24bcfee596bdb57e0bcf8a/spring-aop-6.1.16.jar:/Users/kenan.sevindik/.gradle/caches/modules-2/files-2.1/org.springframework/spring-messaging/6.1.16/da91d3a713c3f450840f5a4a931ed058bfb066ef/spring-messaging-6.1.16.jar:/Users/kenan.sevindik/.gradle/caches/modules-2/files-2.1/org.springframework/spring-jdbc/6.1.16/558dd018e6a489cd85909e7f42136afe38eb4939/spring-jdbc-6.1.16.jar:/Users/kenan.sevindik/.gradle/caches/modules-2/files-2.1/org.springframework/spring-tx/6.1.16/b74ae426fc0a36a41dfec593a54ce516705359a0/spring-tx-6.1.16.jar:/Users/kenan.sevindik/.gradle/caches/modules-2/files-2.1/org.springframework/spring-beans/6.1.16/531d54d94b66362600ab3ecc081e716249b82c32/spring-beans-6.1.16.jar:/Users/kenan.sevindik/.gradle/caches/modules-2/files-2.1/org.springframework/spring-test/6.1.16/ca1577fa10d2d4653064ab5a6ba3217c267139ea/spring-test-6.1.16.jar:/Users/kenan.sevindik/.gradle/caches/modules-2/files-2.1/org.springframework/spring-expression/6.1.16/153594fd2dbfcd5e23913a7397736567e319794c/spring-expression-6.1.16.jar:/Users/kenan.sevindik/.gradle/caches/modules-2/files-2.1/org.springframework/spring-core/6.1.16/a4d36937b844a1f4bb493f8f18f4313d53bc85b1/spring-core-6.1.16.jar:/Users/kenan.sevindik/.gradle/caches/modules-2/files-2.1/org.springframework/spring-jcl/6.1.16/b5f2a825b4cab4868fd34bcf30b5cd566954e744/spring-jcl-6.1.16.jar:/Users/kenan.sevindik/.gradle/caches/modules-2/files-2.1/org.aspectj/aspectjweaver/1.9.22.1/bca243d0af0db4758fbae45c5f4995cb5dabb612/aspectjweaver-1.9.22.1.jar:/Users/kenan.sevindik/.gradle/caches/modules-2/files-2.1/org.awaitility/awaitility/4.2.2/7336242073ebf83fe034e42b46a403c5501b63c9/awaitility-4.2.2.jar:/Users/kenan.sevindik/.gradle/caches/modules-2/files-2.1/io.mockk/mockk-agent-jvm/1.9.1/903c006fcf4864f6152a1e08ca1fa63bf40f978b/mockk-agent-jvm-1.9.1.jar:/Users/kenan.sevindik/.gradle/caches/modules-2/files-2.1/net.bytebuddy/byte-buddy/1.14.19/4c0c637b8f47dc08f89240e6f59900011752c97b/byte-buddy-1.14.19.jar:/Users/kenan.sevindik/.gradle/caches/modules-2/files-2.1/net.bytebuddy/byte-buddy-agent/1.14.19/154da3a65b4f4a909d3e5bdec55d1b2b4cbb6ce1/byte-buddy-agent-1.14.19.jar:/Users/kenan.sevindik/.gradle/caches/modules-2/files-2.1/com.github.ben-manes.caffeine/caffeine/3.1.8/24795585df8afaf70a2cd534786904ea5889c047/caffeine-3.1.8.jar:/Users/kenan.sevindik/.gradle/caches/modules-2/files-2.1/org.elasticsearch.client/elasticsearch-rest-client/8.13.4/eb5be3f924f72faaec1df2a6a3890147e00d27ec/elasticsearch-rest-client-8.13.4.jar:/Users/kenan.sevindik/.gradle/caches/modules-2/files-2.1/org.apache.httpcomponents/httpclient/4.5.14/1194890e6f56ec29177673f2f12d0b8e627dec98/httpclient-4.5.14.jar:/Users/kenan.sevindik/.gradle/caches/modules-2/files-2.1/commons-codec/commons-codec/1.16.1/47bd4d333fba53406f6c6c51884ddbca435c8862/commons-codec-1.16.1.jar:/Users/kenan.sevindik/.gradle/caches/modules-2/files-2.1/org.apache.commons/commons-lang3/3.14.0/1ed471194b02f2c6cb734a0cd6f6f107c673afae/commons-lang3-3.14.0.jar:/Users/kenan.sevindik/.gradle/caches/modules-2/files-2.1/com.github.codemonstur/embedded-redis/1.4.3/1c0273801089295096f588ecd226bfa12cb59a0e/embedded-redis-1.4.3.jar:/Users/kenan.sevindik/.gradle/caches/modules-2/files-2.1/redis.clients/jedis/5.0.2/47d917ce322cef3fc1fbe7534f351e25d977e52b/jedis-5.0.2.jar:/Users/kenan.sevindik/.gradle/caches/modules-2/files-2.1/org.apache.commons/commons-pool2/2.12.0/458563f69fbdaebf7daadfe10dc3a22e42a7de50/commons-pool2-2.12.0.jar:/Users/kenan.sevindik/.gradle/caches/modules-2/files-2.1/io.grpc/grpc-inprocess/1.63.0/3e761aa10972a0f131c25f36917d90bd816905ba/grpc-inprocess-1.63.0.jar:/Users/kenan.sevindik/.gradle/caches/modules-2/files-2.1/io.grpc/grpc-netty-shaded/1.63.0/5381408f5989b43f238f8ecbd55386038e314fc6/grpc-netty-shaded-1.63.0.jar:/Users/kenan.sevindik/.gradle/caches/modules-2/files-2.1/io.grpc/grpc-util/1.63.0/e0f73a39ec71422ff935f422417fef836986be4a/grpc-util-1.63.0.jar:/Users/kenan.sevindik/.gradle/caches/modules-2/files-2.1/io.grpc/grpc-core/1.63.0/2b471e22cb94082fad579b739500231bbbaabfd/grpc-core-1.63.0.jar:/Users/kenan.sevindik/.gradle/caches/modules-2/files-2.1/com.google.code.gson/gson/2.10.1/b3add478d4382b78ea20b1671390a858002feb6c/gson-2.10.1.jar:/Users/kenan.sevindik/.gradle/caches/modules-2/files-2.1/com.h2database/h2/2.2.224/7bdade27d8cd197d9b5ce9dc251f41d2edc5f7ad/h2-2.2.224.jar:/Users/kenan.sevindik/.gradle/caches/modules-2/files-2.1/junit/junit/4.13.2/8ac9e16d933b6fb43bc7f576336b8f4d7eb5ba12/junit-4.13.2.jar:/Users/kenan.sevindik/.gradle/caches/modules-2/files-2.1/org.hamcrest/hamcrest-core/2.2/3f2bd07716a31c395e2837254f37f21f0f0ab24b/hamcrest-core-2.2.jar:/Users/kenan.sevindik/.gradle/caches/modules-2/files-2.1/org.hamcrest/hamcrest/2.2/1820c0968dba3a11a1b30669bb1f01978a91dedc/hamcrest-2.2.jar:/Users/kenan.sevindik/.gradle/caches/modules-2/files-2.1/com.zaxxer/HikariCP/5.1.0/8c96e36c14461fc436bb02b264b96ef3ca5dca8c/HikariCP-5.1.0.jar:/Users/kenan.sevindik/.gradle/caches/modules-2/files-2.1/org.apache.httpcomponents/httpasyncclient/4.1.5/cd18227f1eb8e9a263286c1d7362ceb24f6f9b32/httpasyncclient-4.1.5.jar:/Users/kenan.sevindik/.gradle/caches/modules-2/files-2.1/org.apache.httpcomponents/httpcore/4.4.16/51cf043c87253c9f58b539c9f7e44c8894223850/httpcore-4.4.16.jar:/Users/kenan.sevindik/.gradle/caches/modules-2/files-2.1/org.apache.httpcomponents/httpcore-nio/4.4.16/cd21c80a9956be48c4c1cfd2f594ba02857d0927/httpcore-nio-4.4.16.jar:/Users/kenan.sevindik/.gradle/caches/modules-2/files-2.1/org.springframework.boot/spring-boot-starter-tomcat/3.3.7/be9823245c71c798a5e10ccf0292ccc078b71e4f/spring-boot-starter-tomcat-3.3.7.jar:/Users/kenan.sevindik/.gradle/caches/modules-2/files-2.1/jakarta.annotation/jakarta.annotation-api/2.1.1/48b9bda22b091b1f48b13af03fe36db3be6e1ae3/jakarta.annotation-api-2.1.1.jar:/Users/kenan.sevindik/.gradle/caches/modules-2/files-2.1/org.eclipse.parsson/parsson/1.0.5/f68020271ff70f79412f70ca45973703b6e907c/parsson-1.0.5.jar:/Users/kenan.sevindik/.gradle/caches/modules-2/files-2.1/jakarta.json/jakarta.json-api/2.1.3/4febd83e1d9d1561d078af460ecd19532383735c/jakarta.json-api-2.1.3.jar:/Users/kenan.sevindik/.gradle/caches/modules-2/files-2.1/jakarta.transaction/jakarta.transaction-api/2.0.1/51a520e3fae406abb84e2e1148e6746ce3f80a1a/jakarta.transaction-api-2.0.1.jar:/Users/kenan.sevindik/.gradle/caches/modules-2/files-2.1/jakarta.validation/jakarta.validation-api/3.0.2/92b6631659ba35ca09e44874d3eb936edfeee532/jakarta.validation-api-3.0.2.jar:/Users/kenan.sevindik/.gradle/caches/modules-2/files-2.1/com.jayway.jsonpath/json-path/2.9.0/37fe2217f577b0b68b18e62c4d17a8858ecf9b69/json-path-2.9.0.jar:/Users/kenan.sevindik/.gradle/caches/modules-2/files-2.1/net.minidev/json-smart/2.5.1/4c11d2808d009132dfbbf947ebf37de6bf266c8e/json-smart-2.5.1.jar:/Users/kenan.sevindik/.gradle/caches/modules-2/files-2.1/org.skyscreamer/jsonassert/1.5.3/aaa43e0823d2a0e106e8754d6a9c4ab24e05e9bc/jsonassert-1.5.3.jar:/Users/kenan.sevindik/.gradle/caches/modules-2/files-2.1/org.apache.kafka/kafka-tools-api/3.7.2/475e30721ee8cd4f94d4dd9c028859e1884f9772/kafka-tools-api-3.7.2.jar:/Users/kenan.sevindik/.gradle/caches/modules-2/files-2.1/org.apache.kafka/kafka-clients/3.7.2/83224c153a40c874d8042d3413b7a9b612bf14e5/kafka-clients-3.7.2.jar:/Users/kenan.sevindik/.gradle/caches/modules-2/files-2.1/org.apache.kafka/kafka-clients/3.7.2/d04b897c4c507468bdbc20af128a270b6f92214b/kafka-clients-3.7.2-test.jar:/Users/kenan.sevindik/.gradle/caches/modules-2/files-2.1/ch.qos.logback/logback-classic/1.5.12/3790d1a62e868f7915776dfb392bd9a29ce8d954/logback-classic-1.5.12.jar:/Users/kenan.sevindik/.gradle/caches/modules-2/files-2.1/ch.qos.logback/logback-core/1.5.12/65b1fa25fe8d8e4bdc140e79eb67ac6741f775e2/logback-core-1.5.12.jar:/Users/kenan.sevindik/.gradle/caches/modules-2/files-2.1/org.slf4j/jul-to-slf4j/2.0.16/6d57da3e961daac65bcca0dd3def6cd11e48a24a/jul-to-slf4j-2.0.16.jar:/Users/kenan.sevindik/.gradle/caches/modules-2/files-2.1/io.github.resilience4j/resilience4j-circuitbreaker/2.2.0/dd296acf884f278c33d262e757ccedbe402926af/resilience4j-circuitbreaker-2.2.0.jar:/Users/kenan.sevindik/.gradle/caches/modules-2/files-2.1/io.github.resilience4j/resilience4j-bulkhead/2.2.0/3f0b483516bcd171e6c0b9e913c5def0ca3b89fe/resilience4j-bulkhead-2.2.0.jar:/Users/kenan.sevindik/.gradle/caches/modules-2/files-2.1/io.github.resilience4j/resilience4j-retry/2.2.0/949e85e5501f75a54641276947143282ac13e102/resilience4j-retry-2.2.0.jar:/Users/kenan.sevindik/.gradle/caches/modules-2/files-2.1/io.github.resilience4j/resilience4j-ratelimiter/2.2.0/1f8d4e451685e031ef181974c93748f6e378f73c/resilience4j-ratelimiter-2.2.0.jar:/Users/kenan.sevindik/.gradle/caches/modules-2/files-2.1/io.github.resilience4j/resilience4j-timelimiter/2.2.0/de12f126a9795eb6d28c304d41e2141506c037b/resilience4j-timelimiter-2.2.0.jar:/Users/kenan.sevindik/.gradle/caches/modules-2/files-2.1/io.github.resilience4j/resilience4j-core/2.2.0/61b780cfbfbc41d7b8b26278ca3b81c034330457/resilience4j-core-2.2.0.jar:/Users/kenan.sevindik/.gradle/caches/modules-2/files-2.1/com.github.docker-java/docker-java-transport-zerodep/3.3.6/c9cde0239ce03376f6dfd0465bd461853af22196/docker-java-transport-zerodep-3.3.6.jar:/Users/kenan.sevindik/.gradle/caches/modules-2/files-2.1/com.yammer.metrics/metrics-core/2.2.0/f82c035cfa786d3cbec362c38c22a5f5b1bc8724/metrics-core-2.2.0.jar:/Users/kenan.sevindik/.gradle/caches/modules-2/files-2.1/org.bitbucket.b_c/jose4j/0.9.4/7efe6ccf593e52a2b77f98de52238f15b4a67188/jose4j-0.9.4.jar:/Users/kenan.sevindik/.gradle/caches/modules-2/files-2.1/com.typesafe.scala-logging/scala-logging_2.13/3.9.4/e5838ddcf8c1c2b612a7956b9f80423a508675db/scala-logging_2.13-3.9.4.jar:/Users/kenan.sevindik/.gradle/caches/modules-2/files-2.1/io.dropwizard.metrics/metrics-core/4.1.12.1/cb2f351bf4463751201f43bb99865235d5ba07ca/metrics-core-4.1.12.1.jar:/Users/kenan.sevindik/.gradle/caches/modules-2/files-2.1/org.slf4j/slf4j-api/2.0.16/172931663a09a1fa515567af5fbef00897d3c04/slf4j-api-2.0.16.jar:/Users/kenan.sevindik/.gradle/caches/modules-2/files-2.1/org.yaml/snakeyaml/2.2/3af797a25458550a16bf89acc8e4ab2b7f2bfce0/snakeyaml-2.2.jar:/Users/kenan.sevindik/.gradle/caches/modules-2/files-2.1/org.springframework.retry/spring-retry/2.0.11/bd4fae67445baf330b69b6b786748a308ab31f6/spring-retry-2.0.11.jar:/Users/kenan.sevindik/.gradle/caches/modules-2/files-2.1/org.apache.tomcat.embed/tomcat-embed-websocket/10.1.34/eef6d430f34b6e393b8d9e40f10db9043732b4e5/tomcat-embed-websocket-10.1.34.jar:/Users/kenan.sevindik/.gradle/caches/modules-2/files-2.1/org.apache.tomcat.embed/tomcat-embed-core/10.1.34/f610f84be607fbc82e393cc220f0ad45f92afc91/tomcat-embed-core-10.1.34.jar:/Users/kenan.sevindik/.gradle/caches/modules-2/files-2.1/org.apache.tomcat.embed/tomcat-embed-el/10.1.34/d2b2daca3bc999c62e58ae36b45ba0582530fb25/tomcat-embed-el-10.1.34.jar:/Users/kenan.sevindik/.gradle/caches/modules-2/files-2.1/org.xmlunit/xmlunit-core/2.9.1/e5833662d9a1279a37da3ef6f62a1da29fcd68c4/xmlunit-core-2.9.1.jar:/Users/kenan.sevindik/.gradle/caches/modules-2/files-2.1/org.rnorth.duct-tape/duct-tape/1.0.8/92edc22a9ab2f3e17c9bf700aaee377d50e8b530/duct-tape-1.0.8.jar:/Users/kenan.sevindik/.gradle/caches/modules-2/files-2.1/org.jetbrains/annotations/23.0.0/8cc20c07506ec18e0834947b84a864bfc094484e/annotations-23.0.0.jar:/Users/kenan.sevindik/.gradle/caches/modules-2/files-2.1/io.grpc/grpc-stub/1.63.0/3d7454ffa642b925033e2bb0502842872ba73464/grpc-stub-1.63.0.jar:/Users/kenan.sevindik/.gradle/caches/modules-2/files-2.1/io.grpc/grpc-protobuf-lite/1.63.0/cff9c90502368e8457ed6706f77af9b139e1cf60/grpc-protobuf-lite-1.63.0.jar:/Users/kenan.sevindik/.gradle/caches/modules-2/files-2.1/io.grpc/grpc-context/1.63.0/ed56bfeff3de8e674b2a8a773f8d08a464bb3982/grpc-context-1.63.0.jar:/Users/kenan.sevindik/.gradle/caches/modules-2/files-2.1/io.grpc/grpc-api/1.63.0/c02adf37b86cdfad1f9178ab0eb98768953f75ac/grpc-api-1.63.0.jar:/Users/kenan.sevindik/.gradle/caches/modules-2/files-2.1/com.google.guava/guava/32.1.3-android/f306708742ce2bf0fb0901216183bc14073feae/guava-32.1.3-jre.jar:/Users/kenan.sevindik/.gradle/caches/modules-2/files-2.1/com.google.errorprone/error_prone_annotations/2.23.0/43a27853b6c7d54893e0b1997c2c778c347179eb/error_prone_annotations-2.23.0.jar:/Users/kenan.sevindik/.gradle/caches/modules-2/files-2.1/com.google.j2objc/j2objc-annotations/2.8/c85270e307e7b822f1086b93689124b89768e273/j2objc-annotations-2.8.jar:/Users/kenan.sevindik/.gradle/caches/modules-2/files-2.1/com.google.code.findbugs/jsr305/3.0.2/25ea2e8b0c338a877313bd4672d3fe056ea78f0d/jsr305-3.0.2.jar:/Users/kenan.sevindik/.gradle/caches/modules-2/files-2.1/javax.annotation/javax.annotation-api/1.3.2/934c04d3cfef185a8008e7bf34331b79730a9d43/javax.annotation-api-1.3.2.jar:/Users/kenan.sevindik/.gradle/caches/modules-2/files-2.1/io.mockk/mockk-common/1.9.1/2c51a6b13c8735a4819d89c91b1795c8fc5b2191/mockk-common-1.9.1.jar:/Users/kenan.sevindik/.gradle/caches/modules-2/files-2.1/org.antlr/antlr4-runtime/4.5/29e48af049f17dd89153b83a7ad5d01b3b4bcdda/antlr4-runtime-4.5.jar:/Users/kenan.sevindik/.gradle/caches/modules-2/files-2.1/commons-cli/commons-cli/1.4/c51c00206bb913cd8612b24abd9fa98ae89719b1/commons-cli-1.4.jar:/Users/kenan.sevindik/.gradle/caches/modules-2/files-2.1/com.almworks.sqlite4java/libsqlite4java-linux-i386/1.0.392/b193c62571061e68bddeaf8ee7d3a8569b945ea6/libsqlite4java-linux-i386-1.0.392.so:/Users/kenan.sevindik/.gradle/caches/modules-2/files-2.1/com.almworks.sqlite4java/libsqlite4java-linux-amd64/1.0.392/5a97aa1b643252eb9be0901037cb440c2e145956/libsqlite4java-linux-amd64-1.0.392.so:/Users/kenan.sevindik/.gradle/caches/modules-2/files-2.1/com.almworks.sqlite4java/sqlite4java-win32-x64/1.0.392/d20dc00abecc7e0bde38c68eee68f2e70c26df95/sqlite4java-win32-x64-1.0.392.dll:/Users/kenan.sevindik/.gradle/caches/modules-2/files-2.1/com.almworks.sqlite4java/sqlite4java-win32-x86/1.0.392/df89be9a5875efc200299acc6f2b94d200271037/sqlite4java-win32-x86-1.0.392.dll:/Users/kenan.sevindik/.gradle/caches/modules-2/files-2.1/com.almworks.sqlite4java/libsqlite4java-osx/1.0.392/de9528513a20ceae197ce9e14690973d617233bb/libsqlite4java-osx-1.0.392.dylib:/Users/kenan.sevindik/.gradle/caches/modules-2/files-2.1/org.eclipse.jetty.toolchain/jetty-jakarta-servlet-api/5.0.2/27fce6d666a203526236d33d00e202a4136230f/jetty-jakarta-servlet-api-5.0.2.jar:/Users/kenan.sevindik/.gradle/caches/modules-2/files-2.1/org.apache.commons/commons-compress/1.24.0/b4b1b5a3d9573b2970fddab236102c0a4d27d35e/commons-compress-1.24.0.jar:/Users/kenan.sevindik/.gradle/caches/modules-2/files-2.1/org.json/json/20231013/e22e0c040fe16f04ffdb85d851d77b07fc05ea52/json-20231013.jar:/Users/kenan.sevindik/.gradle/caches/modules-2/files-2.1/net.minidev/accessors-smart/2.5.1/19b820261eb2e7de7d5bde11d1c06e4501dd7e5f/accessors-smart-2.5.1.jar:/Users/kenan.sevindik/.gradle/caches/modules-2/files-2.1/org.objenesis/objenesis/3.3/1049c09f1de4331e8193e579448d0916d75b7631/objenesis-3.3.jar:/Users/kenan.sevindik/.gradle/caches/modules-2/files-2.1/com.vaadin.external.google/android-json/0.0.20131108.vaadin1/fa26d351fe62a6a17f5cda1287c1c6110dec413f/android-json-0.0.20131108.vaadin1.jar:/Users/kenan.sevindik/.gradle/caches/modules-2/files-2.1/com.github.luben/zstd-jni/1.5.6-4/ba9e303e0b5e94cdd0017390d7d8c06f47fd61f7/zstd-jni-1.5.6-4.jar:/Users/kenan.sevindik/.gradle/caches/modules-2/files-2.1/org.lz4/lz4-java/1.8.0/4b986a99445e49ea5fbf5d149c4b63f6ed6c6780/lz4-java-1.8.0.jar:/Users/kenan.sevindik/.gradle/caches/modules-2/files-2.1/org.xerial.snappy/snappy-java/1.1.10.5/ac605269f3598506196e469f1fb0d7ed5c55059e/snappy-java-1.1.10.5.jar:/Users/kenan.sevindik/.gradle/caches/modules-2/files-2.1/org.apache.zookeeper/zookeeper-jute/3.8.4/de7b8a41bbe1ccdfc009de51fa6d160db3ca8025/zookeeper-jute-3.8.4.jar:/Users/kenan.sevindik/.gradle/caches/modules-2/files-2.1/org.apache.yetus/audience-annotations/0.12.0/e0efa60318229590103e31c69ebdaae56d903644/audience-annotations-0.12.0.jar:/Users/kenan.sevindik/.gradle/caches/modules-2/files-2.1/commons-io/commons-io/2.14.0/a4c6e1f6c196339473cd2e1b037f0eb97c62755b/commons-io-2.14.0.jar:/Users/kenan.sevindik/.gradle/caches/modules-2/files-2.1/net.sf.jopt-simple/jopt-simple/5.0.4/4fdac2fbe92dfad86aa6e9301736f6b4342a3f5c/jopt-simple-5.0.4.jar:/Users/kenan.sevindik/.gradle/caches/modules-2/files-2.1/org.pcollections/pcollections/4.0.1/59f3bf5fb28c5f5386804dcf129267416b75d7c/pcollections-4.0.1.jar:/Users/kenan.sevindik/.gradle/caches/modules-2/files-2.1/net.sourceforge.argparse4j/argparse4j/0.7.0/6f0621d0c3888de39e0f06d01f37ba53a798e657/argparse4j-0.7.0.jar:/Users/kenan.sevindik/.gradle/caches/modules-2/files-2.1/commons-validator/commons-validator/1.7/76069c915de3787f3ddd8726a56f47a95bfcbb0e/commons-validator-1.7.jar:/Users/kenan.sevindik/.gradle/caches/modules-2/files-2.1/org.scala-lang.modules/scala-collection-compat_2.13/2.10.0/2464528d14329ff2b44bceff918d6c00300adcf4/scala-collection-compat_2.13-2.10.0.jar:/Users/kenan.sevindik/.gradle/caches/modules-2/files-2.1/org.scala-lang.modules/scala-java8-compat_2.13/1.0.2/5b54f60ccf03e41e24c466462a72475ee918c304/scala-java8-compat_2.13-1.0.2.jar:/Users/kenan.sevindik/.gradle/caches/modules-2/files-2.1/org.scala-lang/scala-reflect/2.13.12/88be4dbc90fdd2d12c05b6a872a9add60524461d/scala-reflect-2.13.12.jar:/Users/kenan.sevindik/.gradle/caches/modules-2/files-2.1/org.scala-lang/scala-library/2.13.13/3b1434403ddb147b8030f98f246153e4ce622c78/scala-library-2.13.13.jar:/Users/kenan.sevindik/.gradle/caches/modules-2/files-2.1/org.opentest4j/opentest4j/1.3.0/152ea56b3a72f655d4fd677fc0ef2596c3dd5e6e/opentest4j-1.3.0.jar:/Users/kenan.sevindik/.gradle/caches/modules-2/files-2.1/com.google.guava/failureaccess/1.0.1/1dcf1de382a0bf95a3d8b0849546c88bac1292c9/failureaccess-1.0.1.jar:/Users/kenan.sevindik/.gradle/caches/modules-2/files-2.1/com.google.guava/listenablefuture/9999.0-empty-to-avoid-conflict-with-guava/b421526c5f297295adef1c886e5246c39d4ac629/listenablefuture-9999.0-empty-to-avoid-conflict-with-guava.jar:/Users/kenan.sevindik/.gradle/caches/modules-2/files-2.1/org.checkerframework/checker-qual/3.37.0/ba74746d38026581c12166e164bb3c15e90cc4ea/checker-qual-3.37.0.jar:/Users/kenan.sevindik/.gradle/caches/modules-2/files-2.1/io.mockk/mockk-dsl/1.9.1/4fd7932a2cd635d9b1266b97594654f269496edb/mockk-dsl-1.9.1.jar:/Users/kenan.sevindik/.gradle/caches/modules-2/files-2.1/io.mockk/mockk-agent-common/1.9.1/e51943c5f7f9582eb330c238666746c0c9d97487/mockk-agent-common-1.9.1.jar:/Users/kenan.sevindik/.gradle/caches/modules-2/files-2.1/io.mockk/mockk-agent-api/1.9.1/f836690e4bbd99fead6f55115c4e8de850095ca1/mockk-agent-api-1.9.1.jar:/Users/kenan.sevindik/.gradle/caches/modules-2/files-2.1/org.hdrhistogram/HdrHistogram/2.2.2/7959933ebcc0f05b2eaa5af0a0c8689fa257b15c/HdrHistogram-2.2.2.jar:/Users/kenan.sevindik/.gradle/caches/modules-2/files-2.1/org.latencyutils/LatencyUtils/2.0.3/769c0b82cb2421c8256300e907298a9410a2a3d3/LatencyUtils-2.0.3.jar:/Users/kenan.sevindik/.gradle/caches/modules-2/files-2.1/org.abego.treelayout/org.abego.treelayout.core/1.0.1/e31e79cba7a5414cf18fa69f3f0a2cf9ee997b61/org.abego.treelayout.core-1.0.1.jar:/Users/kenan.sevindik/.gradle/caches/modules-2/files-2.1/com.almworks.sqlite4java/sqlite4java/1.0.392/d6234e08ff4e1607ff5321da2579571f05ff778d/sqlite4java-1.0.392.jar:/Users/kenan.sevindik/.gradle/caches/modules-2/files-2.1/commons-logging/commons-logging/1.2/4bfc12adfe4842bf07b657f0369c4cb522955686/commons-logging-1.2.jar:/Users/kenan.sevindik/.gradle/caches/modules-2/files-2.1/software.amazon.ion/ion-java/1.0.2/ee9dacea7726e495f8352b81c12c23834ffbc564/ion-java-1.0.2.jar:/Users/kenan.sevindik/.gradle/caches/modules-2/files-2.1/joda-time/joda-time/2.8.1/f5bfc718c95a7b1d3c371bb02a188a4df18361a9/joda-time-2.8.1.jar:/Users/kenan.sevindik/.gradle/caches/modules-2/files-2.1/software.amazon.awssdk/endpoints-spi/2.20.144/58bc38ccfa56445438ef1f5fe6095e56f7da5d73/endpoints-spi-2.20.144.jar:/Users/kenan.sevindik/.gradle/caches/modules-2/files-2.1/software.amazon.awssdk/annotations/2.20.144/95deeb9f7809422a049dd9470acb8f5abe270356/annotations-2.20.144.jar:/Users/kenan.sevindik/.gradle/caches/modules-2/files-2.1/com.github.docker-java/docker-java-transport/3.3.6/d536d16a297f9139b833955390a3d581e336e67/docker-java-transport-3.3.6.jar:/Users/kenan.sevindik/.gradle/caches/modules-2/files-2.1/net.java.dev.jna/jna/5.13.0/1200e7ebeedbe0d10062093f32925a912020e747/jna-5.13.0.jar:/Users/kenan.sevindik/.gradle/caches/modules-2/files-2.1/org.ow2.asm/asm/9.6/aa205cf0a06dbd8e04ece91c0b37c3f5d567546a/asm-9.6.jar:/Users/kenan.sevindik/.gradle/caches/modules-2/files-2.1/commons-beanutils/commons-beanutils/1.9.4/d52b9abcd97f38c81342bb7e7ae1eee9b73cba51/commons-beanutils-1.9.4.jar:/Users/kenan.sevindik/.gradle/caches/modules-2/files-2.1/commons-digester/commons-digester/2.1/73a8001e7a54a255eef0f03521ec1805dc738ca0/commons-digester-2.1.jar:/Users/kenan.sevindik/.gradle/caches/modules-2/files-2.1/commons-collections/commons-collections/3.2.2/8ad72fe39fa8c91eaaf12aadb21e0c3661fe26d5/commons-collections-3.2.2.jar:/Users/kenan.sevindik/.gradle/caches/modules-2/files-2.1/com.thoughtworks.paranamer/paranamer/2.8/619eba74c19ccf1da8ebec97a2d7f8ba05773dd6/paranamer-2.8.jar:/Users/kenan.sevindik/.gradle/caches/modules-2/files-2.1/org.rocksdb/rocksdbjni/7.9.2/6409b667493149191b09fe1fce94bada6096a3e9/rocksdbjni-7.9.2.jar:/Users/kenan.sevindik/.gradle/caches/modules-2/files-2.1/io.perfmark/perfmark-api/0.26.0/ef65452adaf20bf7d12ef55913aba24037b82738/perfmark-api-0.26.0.jar:/Users/kenan.sevindik/.gradle/caches/modules-2/files-2.1/software.amazon.awssdk/third-party-jackson-core/2.20.144/6c8565a582553ff86a818de7a15efe2e04a1bf5c/third-party-jackson-core-2.20.144.jar:/Users/kenan.sevindik/.gradle/caches/modules-2/files-2.1/software.amazon.eventstream/eventstream/1.0.1/6ff8649dffc5190366ada897ba8525a836297784/eventstream-1.0.1.jar:/Users/kenan.sevindik/.gradle/caches/modules-2/files-2.1/com.google.android/annotations/4.1.1.4/a1678ba907bf92691d879fef34e1a187038f9259/annotations-4.1.1.4.jar:/Users/kenan.sevindik/.gradle/caches/modules-2/files-2.1/org.codehaus.mojo/animal-sniffer-annotations/1.23/3c0daebd5f0e1ce72cc50c818321ac957aeb5d70/animal-sniffer-annotations-1.23.jar
2025-10-23T18:54:45.193+03:00  INFO 95825 --- [    Test worker] o.a.zookeeper.server.ZooKeeperServer     : Server environment:java.library.path=/Users/kenan.sevindik/Library/Java/Extensions:/Library/Java/Extensions:/Network/Library/Java/Extensions:/System/Library/Java/Extensions:/usr/lib/java:.
2025-10-23T18:54:45.194+03:00  INFO 95825 --- [    Test worker] o.a.zookeeper.server.ZooKeeperServer     : Server environment:java.io.tmpdir=/var/folders/p1/1ppkq6fs54x0wjtd5zbn9wh00000gr/T/
2025-10-23T18:54:45.194+03:00  INFO 95825 --- [    Test worker] o.a.zookeeper.server.ZooKeeperServer     : Server environment:java.compiler=<NA>
2025-10-23T18:54:45.194+03:00  INFO 95825 --- [    Test worker] o.a.zookeeper.server.ZooKeeperServer     : Server environment:os.name=Mac OS X
2025-10-23T18:54:45.194+03:00  INFO 95825 --- [    Test worker] o.a.zookeeper.server.ZooKeeperServer     : Server environment:os.arch=aarch64
2025-10-23T18:54:45.194+03:00  INFO 95825 --- [    Test worker] o.a.zookeeper.server.ZooKeeperServer     : Server environment:os.version=15.6.1
2025-10-23T18:54:45.194+03:00  INFO 95825 --- [    Test worker] o.a.zookeeper.server.ZooKeeperServer     : Server environment:user.name=kenan.sevindik
2025-10-23T18:54:45.194+03:00  INFO 95825 --- [    Test worker] o.a.zookeeper.server.ZooKeeperServer     : Server environment:user.home=/Users/kenan.sevindik
2025-10-23T18:54:45.194+03:00  INFO 95825 --- [    Test worker] o.a.zookeeper.server.ZooKeeperServer     : Server environment:user.dir=/Users/kenan.sevindik/git-projects/personal/fit4j/fit4j-examples/example-kafka
2025-10-23T18:54:45.194+03:00  INFO 95825 --- [    Test worker] o.a.zookeeper.server.ZooKeeperServer     : Server environment:os.memory.free=1972MB
2025-10-23T18:54:45.194+03:00  INFO 95825 --- [    Test worker] o.a.zookeeper.server.ZooKeeperServer     : Server environment:os.memory.max=15360MB
2025-10-23T18:54:45.194+03:00  INFO 95825 --- [    Test worker] o.a.zookeeper.server.ZooKeeperServer     : Server environment:os.memory.total=2048MB
2025-10-23T18:54:45.194+03:00  INFO 95825 --- [    Test worker] o.a.zookeeper.server.ZooKeeperServer     : zookeeper.enableEagerACLCheck = false
2025-10-23T18:54:45.195+03:00  INFO 95825 --- [    Test worker] o.a.zookeeper.server.ZooKeeperServer     : zookeeper.digest.enabled = true
2025-10-23T18:54:45.195+03:00  INFO 95825 --- [    Test worker] o.a.zookeeper.server.ZooKeeperServer     : zookeeper.closeSessionTxn.enabled = true
2025-10-23T18:54:45.195+03:00  INFO 95825 --- [    Test worker] o.a.zookeeper.server.ZooKeeperServer     : zookeeper.flushDelay = 0 ms
2025-10-23T18:54:45.195+03:00  INFO 95825 --- [    Test worker] o.a.zookeeper.server.ZooKeeperServer     : zookeeper.maxWriteQueuePollTime = 0 ms
2025-10-23T18:54:45.195+03:00  INFO 95825 --- [    Test worker] o.a.zookeeper.server.ZooKeeperServer     : zookeeper.maxBatchSize=1000
2025-10-23T18:54:45.195+03:00  INFO 95825 --- [    Test worker] o.a.zookeeper.server.ZooKeeperServer     : zookeeper.intBufferStartingSizeBytes = 1024
2025-10-23T18:54:45.196+03:00  INFO 95825 --- [    Test worker] o.a.z.server.persistence.FileTxnSnapLog  : zookeeper.snapshot.trust.empty : false
2025-10-23T18:54:45.203+03:00  INFO 95825 --- [    Test worker] o.a.z.server.watch.WatchManagerFactory   : Using org.apache.zookeeper.server.watch.WatchManager as watch manager
2025-10-23T18:54:45.204+03:00  INFO 95825 --- [    Test worker] o.a.z.server.watch.WatchManagerFactory   : Using org.apache.zookeeper.server.watch.WatchManager as watch manager
2025-10-23T18:54:45.204+03:00  INFO 95825 --- [    Test worker] org.apache.zookeeper.server.ZKDatabase   : zookeeper.snapshotSizeFactor = 0.33
2025-10-23T18:54:45.204+03:00  INFO 95825 --- [    Test worker] org.apache.zookeeper.server.ZKDatabase   : zookeeper.commitLogCount=500
2025-10-23T18:54:45.205+03:00  INFO 95825 --- [    Test worker] o.apache.zookeeper.server.BlueThrottle   : Weighed connection throttling is disabled
2025-10-23T18:54:45.206+03:00  INFO 95825 --- [    Test worker] o.a.zookeeper.server.ZooKeeperServer     : minSessionTimeout set to 1600 ms
2025-10-23T18:54:45.206+03:00  INFO 95825 --- [    Test worker] o.a.zookeeper.server.ZooKeeperServer     : maxSessionTimeout set to 16000 ms
2025-10-23T18:54:45.206+03:00  INFO 95825 --- [    Test worker] o.apache.zookeeper.server.ResponseCache  : getData response cache size is initialized with value 400.
2025-10-23T18:54:45.206+03:00  INFO 95825 --- [    Test worker] o.apache.zookeeper.server.ResponseCache  : getChildren response cache size is initialized with value 400.
2025-10-23T18:54:45.207+03:00  INFO 95825 --- [    Test worker] o.a.z.s.u.RequestPathMetricsCollector    : zookeeper.pathStats.slotCapacity = 60
2025-10-23T18:54:45.207+03:00  INFO 95825 --- [    Test worker] o.a.z.s.u.RequestPathMetricsCollector    : zookeeper.pathStats.slotDuration = 15
2025-10-23T18:54:45.207+03:00  INFO 95825 --- [    Test worker] o.a.z.s.u.RequestPathMetricsCollector    : zookeeper.pathStats.maxDepth = 6
2025-10-23T18:54:45.207+03:00  INFO 95825 --- [    Test worker] o.a.z.s.u.RequestPathMetricsCollector    : zookeeper.pathStats.initialDelay = 5
2025-10-23T18:54:45.207+03:00  INFO 95825 --- [    Test worker] o.a.z.s.u.RequestPathMetricsCollector    : zookeeper.pathStats.delay = 5
2025-10-23T18:54:45.207+03:00  INFO 95825 --- [    Test worker] o.a.z.s.u.RequestPathMetricsCollector    : zookeeper.pathStats.enabled = false
2025-10-23T18:54:45.208+03:00  INFO 95825 --- [    Test worker] o.a.zookeeper.server.ZooKeeperServer     : The max bytes for all large requests are set to 104857600
2025-10-23T18:54:45.208+03:00  INFO 95825 --- [    Test worker] o.a.zookeeper.server.ZooKeeperServer     : The large request threshold is set to -1
2025-10-23T18:54:45.208+03:00  INFO 95825 --- [    Test worker] o.a.z.server.AuthenticationHelper        : zookeeper.enforce.auth.enabled = false
2025-10-23T18:54:45.208+03:00  INFO 95825 --- [    Test worker] o.a.z.server.AuthenticationHelper        : zookeeper.enforce.auth.schemes = []
2025-10-23T18:54:45.208+03:00  INFO 95825 --- [    Test worker] o.a.zookeeper.server.ZooKeeperServer     : Created server with tickTime 800 ms minSessionTimeout 1600 ms maxSessionTimeout 16000 ms clientPortListenBacklog -1 datadir /var/folders/p1/1ppkq6fs54x0wjtd5zbn9wh00000gr/T/kafka-6305596704085639891/version-2 snapdir /var/folders/p1/1ppkq6fs54x0wjtd5zbn9wh00000gr/T/kafka-2698587304022845588/version-2
2025-10-23T18:54:45.210+03:00  WARN 95825 --- [    Test worker] o.a.zookeeper.server.ServerCnxnFactory   : maxCnxns is not configured, using default value 0.
2025-10-23T18:54:45.211+03:00  INFO 95825 --- [    Test worker] o.a.z.server.NIOServerCnxnFactory        : Configuring NIO connection handler with 10s sessionless connection timeout, 2 selector thread(s), 24 worker threads, and 64 kB direct buffers.
2025-10-23T18:54:45.212+03:00  INFO 95825 --- [    Test worker] o.a.z.server.NIOServerCnxnFactory        : binding to port /127.0.0.1:0
2025-10-23T18:54:45.220+03:00  INFO 95825 --- [    Test worker] o.a.z.server.persistence.SnapStream      : zookeeper.snapshot.compression.method = CHECKED
2025-10-23T18:54:45.220+03:00  INFO 95825 --- [    Test worker] o.a.z.server.persistence.FileTxnSnapLog  : Snapshotting: 0x0 to /var/folders/p1/1ppkq6fs54x0wjtd5zbn9wh00000gr/T/kafka-2698587304022845588/version-2/snapshot.0
2025-10-23T18:54:45.222+03:00  INFO 95825 --- [    Test worker] org.apache.zookeeper.server.ZKDatabase   : Snapshot loaded in 9 ms, highest zxid is 0x0, digest is 1371985504
2025-10-23T18:54:45.223+03:00  INFO 95825 --- [    Test worker] o.a.z.server.persistence.FileTxnSnapLog  : Snapshotting: 0x0 to /var/folders/p1/1ppkq6fs54x0wjtd5zbn9wh00000gr/T/kafka-2698587304022845588/version-2/snapshot.0
2025-10-23T18:54:45.223+03:00  INFO 95825 --- [    Test worker] o.a.zookeeper.server.ZooKeeperServer     : Snapshot taken in 0 ms
2025-10-23T18:54:45.227+03:00  INFO 95825 --- [0 cport:57276):] o.a.z.server.PrepRequestProcessor        : PrepRequestProcessor (sid:0) started, reconfigEnabled=false
2025-10-23T18:54:45.227+03:00  INFO 95825 --- [    Test worker] o.a.zookeeper.server.RequestThrottler    : zookeeper.request_throttler.shutdownTimeout = 10000 ms
2025-10-23T18:54:45.348+03:00  INFO 95825 --- [    Test worker] kafka.server.KafkaConfig                 : KafkaConfig values: 
	advertised.listeners = null
	alter.config.policy.class.name = null
	alter.log.dirs.replication.quota.window.num = 11
	alter.log.dirs.replication.quota.window.size.seconds = 1
	authorizer.class.name = 
	auto.create.topics.enable = true
	auto.include.jmx.reporter = true
	auto.leader.rebalance.enable = true
	background.threads = 2
	broker.heartbeat.interval.ms = 2000
	broker.id = 0
	broker.id.generation.enable = true
	broker.rack = null
	broker.session.timeout.ms = 9000
	client.quota.callback.class = null
	compression.type = producer
	connection.failed.authentication.delay.ms = 100
	connections.max.idle.ms = 600000
	connections.max.reauth.ms = 0
	control.plane.listener.name = null
	controlled.shutdown.enable = false
	controlled.shutdown.max.retries = 3
	controlled.shutdown.retry.backoff.ms = 100
	controller.listener.names = null
	controller.quorum.append.linger.ms = 25
	controller.quorum.election.backoff.max.ms = 1000
	controller.quorum.election.timeout.ms = 1000
	controller.quorum.fetch.timeout.ms = 2000
	controller.quorum.request.timeout.ms = 2000
	controller.quorum.retry.backoff.ms = 20
	controller.quorum.voters = []
	controller.quota.window.num = 11
	controller.quota.window.size.seconds = 1
	controller.socket.timeout.ms = 1000
	create.topic.policy.class.name = null
	default.replication.factor = 1
	delegation.token.expiry.check.interval.ms = 3600000
	delegation.token.expiry.time.ms = 86400000
	delegation.token.master.key = null
	delegation.token.max.lifetime.ms = 604800000
	delegation.token.secret.key = null
	delete.records.purgatory.purge.interval.requests = 1
	delete.topic.enable = true
	early.start.listeners = null
	eligible.leader.replicas.enable = false
	fetch.max.bytes = 57671680
	fetch.purgatory.purge.interval.requests = 1000
	group.consumer.assignors = [org.apache.kafka.coordinator.group.assignor.UniformAssignor, org.apache.kafka.coordinator.group.assignor.RangeAssignor]
	group.consumer.heartbeat.interval.ms = 5000
	group.consumer.max.heartbeat.interval.ms = 15000
	group.consumer.max.session.timeout.ms = 60000
	group.consumer.max.size = 2147483647
	group.consumer.min.heartbeat.interval.ms = 5000
	group.consumer.min.session.timeout.ms = 45000
	group.consumer.session.timeout.ms = 45000
	group.coordinator.new.enable = false
	group.coordinator.rebalance.protocols = [classic]
	group.coordinator.threads = 1
	group.initial.rebalance.delay.ms = 0
	group.max.session.timeout.ms = 1800000
	group.max.size = 2147483647
	group.min.session.timeout.ms = 6000
	initial.broker.registration.timeout.ms = 60000
	inter.broker.listener.name = null
	inter.broker.protocol.version = 3.7-IV4
	kafka.metrics.polling.interval.secs = 10
	kafka.metrics.reporters = []
	leader.imbalance.check.interval.seconds = 300
	leader.imbalance.per.broker.percentage = 10
	listener.security.protocol.map = PLAINTEXT:PLAINTEXT,SSL:SSL,SASL_PLAINTEXT:SASL_PLAINTEXT,SASL_SSL:SASL_SSL
	listeners = PLAINTEXT://localhost:0
	log.cleaner.backoff.ms = 15000
	log.cleaner.dedupe.buffer.size = 2097152
	log.cleaner.delete.retention.ms = 86400000
	log.cleaner.enable = true
	log.cleaner.io.buffer.load.factor = 0.9
	log.cleaner.io.buffer.size = 524288
	log.cleaner.io.max.bytes.per.second = 1.7976931348623157E308
	log.cleaner.max.compaction.lag.ms = 9223372036854775807
	log.cleaner.min.cleanable.ratio = 0.5
	log.cleaner.min.compaction.lag.ms = 0
	log.cleaner.threads = 1
	log.cleanup.policy = [delete]
	log.dir = /var/folders/p1/1ppkq6fs54x0wjtd5zbn9wh00000gr/T/spring.kafka.5c3e7c95-3a31-447a-aed6-367f238067b72129411881383861757
	log.dirs = null
	log.flush.interval.messages = 9223372036854775807
	log.flush.interval.ms = null
	log.flush.offset.checkpoint.interval.ms = 60000
	log.flush.scheduler.interval.ms = 9223372036854775807
	log.flush.start.offset.checkpoint.interval.ms = 60000
	log.index.interval.bytes = 4096
	log.index.size.max.bytes = 10485760
	log.local.retention.bytes = -2
	log.local.retention.ms = -2
	log.message.downconversion.enable = true
	log.message.format.version = 3.0-IV1
	log.message.timestamp.after.max.ms = 9223372036854775807
	log.message.timestamp.before.max.ms = 9223372036854775807
	log.message.timestamp.difference.max.ms = 9223372036854775807
	log.message.timestamp.type = CreateTime
	log.preallocate = false
	log.retention.bytes = -1
	log.retention.check.interval.ms = 300000
	log.retention.hours = 168
	log.retention.minutes = null
	log.retention.ms = null
	log.roll.hours = 168
	log.roll.jitter.hours = 0
	log.roll.jitter.ms = null
	log.roll.ms = null
	log.segment.bytes = 1073741824
	log.segment.delete.delay.ms = 1000
	max.connection.creation.rate = 2147483647
	max.connections = 2147483647
	max.connections.per.ip = 2147483647
	max.connections.per.ip.overrides = 
	max.incremental.fetch.session.cache.slots = 1000
	message.max.bytes = 1048588
	metadata.log.dir = null
	metadata.log.max.record.bytes.between.snapshots = 20971520
	metadata.log.max.snapshot.interval.ms = 3600000
	metadata.log.segment.bytes = 1073741824
	metadata.log.segment.min.bytes = 8388608
	metadata.log.segment.ms = 604800000
	metadata.max.idle.interval.ms = 500
	metadata.max.retention.bytes = 104857600
	metadata.max.retention.ms = 604800000
	metric.reporters = []
	metrics.num.samples = 2
	metrics.recording.level = INFO
	metrics.sample.window.ms = 30000
	min.insync.replicas = 1
	node.id = 0
	num.io.threads = 8
	num.network.threads = 2
	num.partitions = 2
	num.recovery.threads.per.data.dir = 1
	num.replica.alter.log.dirs.threads = null
	num.replica.fetchers = 1
	offset.metadata.max.bytes = 4096
	offsets.commit.required.acks = -1
	offsets.commit.timeout.ms = 5000
	offsets.load.buffer.size = 5242880
	offsets.retention.check.interval.ms = 600000
	offsets.retention.minutes = 10080
	offsets.topic.compression.codec = 0
	offsets.topic.num.partitions = 5
	offsets.topic.replication.factor = 1
	offsets.topic.segment.bytes = 104857600
	password.encoder.cipher.algorithm = AES/CBC/PKCS5Padding
	password.encoder.iterations = 4096
	password.encoder.key.length = 128
	password.encoder.keyfactory.algorithm = null
	password.encoder.old.secret = null
	password.encoder.secret = null
	principal.builder.class = class org.apache.kafka.common.security.authenticator.DefaultKafkaPrincipalBuilder
	process.roles = []
	producer.id.expiration.check.interval.ms = 600000
	producer.id.expiration.ms = 86400000
	producer.purgatory.purge.interval.requests = 1000
	queued.max.request.bytes = -1
	queued.max.requests = 500
	quota.window.num = 11
	quota.window.size.seconds = 1
	remote.log.index.file.cache.total.size.bytes = 1073741824
	remote.log.manager.task.interval.ms = 30000
	remote.log.manager.task.retry.backoff.max.ms = 30000
	remote.log.manager.task.retry.backoff.ms = 500
	remote.log.manager.task.retry.jitter = 0.2
	remote.log.manager.thread.pool.size = 10
	remote.log.metadata.custom.metadata.max.bytes = 128
	remote.log.metadata.manager.class.name = org.apache.kafka.server.log.remote.metadata.storage.TopicBasedRemoteLogMetadataManager
	remote.log.metadata.manager.class.path = null
	remote.log.metadata.manager.impl.prefix = rlmm.config.
	remote.log.metadata.manager.listener.name = null
	remote.log.reader.max.pending.tasks = 100
	remote.log.reader.threads = 10
	remote.log.storage.manager.class.name = null
	remote.log.storage.manager.class.path = null
	remote.log.storage.manager.impl.prefix = rsm.config.
	remote.log.storage.system.enable = false
	replica.fetch.backoff.ms = 1000
	replica.fetch.max.bytes = 1048576
	replica.fetch.min.bytes = 1
	replica.fetch.response.max.bytes = 10485760
	replica.fetch.wait.max.ms = 500
	replica.high.watermark.checkpoint.interval.ms = 9223372036854775807
	replica.lag.time.max.ms = 30000
	replica.selector.class = null
	replica.socket.receive.buffer.bytes = 65536
	replica.socket.timeout.ms = 1000
	replication.quota.window.num = 11
	replication.quota.window.size.seconds = 1
	request.timeout.ms = 30000
	reserved.broker.max.id = 1000
	sasl.client.callback.handler.class = null
	sasl.enabled.mechanisms = [GSSAPI]
	sasl.jaas.config = null
	sasl.kerberos.kinit.cmd = /usr/bin/kinit
	sasl.kerberos.min.time.before.relogin = 60000
	sasl.kerberos.principal.to.local.rules = [DEFAULT]
	sasl.kerberos.service.name = null
	sasl.kerberos.ticket.renew.jitter = 0.05
	sasl.kerberos.ticket.renew.window.factor = 0.8
	sasl.login.callback.handler.class = null
	sasl.login.class = null
	sasl.login.connect.timeout.ms = null
	sasl.login.read.timeout.ms = null
	sasl.login.refresh.buffer.seconds = 300
	sasl.login.refresh.min.period.seconds = 60
	sasl.login.refresh.window.factor = 0.8
	sasl.login.refresh.window.jitter = 0.05
	sasl.login.retry.backoff.max.ms = 10000
	sasl.login.retry.backoff.ms = 100
	sasl.mechanism.controller.protocol = GSSAPI
	sasl.mechanism.inter.broker.protocol = GSSAPI
	sasl.oauthbearer.clock.skew.seconds = 30
	sasl.oauthbearer.expected.audience = null
	sasl.oauthbearer.expected.issuer = null
	sasl.oauthbearer.jwks.endpoint.refresh.ms = 3600000
	sasl.oauthbearer.jwks.endpoint.retry.backoff.max.ms = 10000
	sasl.oauthbearer.jwks.endpoint.retry.backoff.ms = 100
	sasl.oauthbearer.jwks.endpoint.url = null
	sasl.oauthbearer.scope.claim.name = scope
	sasl.oauthbearer.sub.claim.name = sub
	sasl.oauthbearer.token.endpoint.url = null
	sasl.server.callback.handler.class = null
	sasl.server.max.receive.size = 524288
	security.inter.broker.protocol = PLAINTEXT
	security.providers = null
	server.max.startup.time.ms = 9223372036854775807
	socket.connection.setup.timeout.max.ms = 30000
	socket.connection.setup.timeout.ms = 10000
	socket.listen.backlog.size = 50
	socket.receive.buffer.bytes = 102400
	socket.request.max.bytes = 104857600
	socket.send.buffer.bytes = 102400
	ssl.allow.dn.changes = false
	ssl.allow.san.changes = false
	ssl.cipher.suites = []
	ssl.client.auth = none
	ssl.enabled.protocols = [TLSv1.2, TLSv1.3]
	ssl.endpoint.identification.algorithm = https
	ssl.engine.factory.class = null
	ssl.key.password = null
	ssl.keymanager.algorithm = SunX509
	ssl.keystore.certificate.chain = null
	ssl.keystore.key = null
	ssl.keystore.location = null
	ssl.keystore.password = null
	ssl.keystore.type = JKS
	ssl.principal.mapping.rules = DEFAULT
	ssl.protocol = TLSv1.3
	ssl.provider = null
	ssl.secure.random.implementation = null
	ssl.trustmanager.algorithm = PKIX
	ssl.truststore.certificates = null
	ssl.truststore.location = null
	ssl.truststore.password = null
	ssl.truststore.type = JKS
	telemetry.max.bytes = 1048576
	transaction.abort.timed.out.transaction.cleanup.interval.ms = 10000
	transaction.max.timeout.ms = 900000
	transaction.partition.verification.enable = true
	transaction.remove.expired.transaction.cleanup.interval.ms = 3600000
	transaction.state.log.load.buffer.size = 5242880
	transaction.state.log.min.isr = 2
	transaction.state.log.num.partitions = 50
	transaction.state.log.replication.factor = 1
	transaction.state.log.segment.bytes = 104857600
	transactional.id.expiration.ms = 604800000
	unclean.leader.election.enable = false
	unstable.api.versions.enable = false
	unstable.metadata.versions.enable = true
	zookeeper.clientCnxnSocket = null
	zookeeper.connect = 127.0.0.1:57276
	zookeeper.connection.timeout.ms = 10000
	zookeeper.max.in.flight.requests = 10
	zookeeper.metadata.migration.enable = false
	zookeeper.metadata.migration.min.batch.size = 200
	zookeeper.session.timeout.ms = 18000
	zookeeper.set.acl = false
	zookeeper.ssl.cipher.suites = null
	zookeeper.ssl.client.enable = false
	zookeeper.ssl.crl.enable = false
	zookeeper.ssl.enabled.protocols = null
	zookeeper.ssl.endpoint.identification.algorithm = HTTPS
	zookeeper.ssl.keystore.location = null
	zookeeper.ssl.keystore.password = null
	zookeeper.ssl.keystore.type = null
	zookeeper.ssl.ocsp.enable = false
	zookeeper.ssl.protocol = TLSv1.2
	zookeeper.ssl.truststore.location = null
	zookeeper.ssl.truststore.password = null
	zookeeper.ssl.truststore.type = null

2025-10-23T18:54:45.360+03:00  INFO 95825 --- [    Test worker] org.apache.zookeeper.common.X509Util     : Setting -D jdk.tls.rejectClientInitiatedRenegotiation=true to disable client-initiated TLS renegotiation
2025-10-23T18:54:45.386+03:00  INFO 95825 --- [    Test worker] kafka.server.KafkaServer                 : starting
2025-10-23T18:54:45.387+03:00  INFO 95825 --- [    Test worker] kafka.server.KafkaServer                 : Connecting to zookeeper on 127.0.0.1:57276
2025-10-23T18:54:45.392+03:00  INFO 95825 --- [    Test worker] kafka.zookeeper.ZooKeeperClient          : [ZooKeeperClient Kafka server] Initializing a new session to 127.0.0.1:57276.
2025-10-23T18:54:45.393+03:00  INFO 95825 --- [    Test worker] org.apache.zookeeper.ZooKeeper           : Client environment:zookeeper.version=3.8.4-9316c2a7a97e1666d8f4593f34dd6fc36ecc436c, built on 2024-02-12 22:16 UTC
2025-10-23T18:54:45.393+03:00  INFO 95825 --- [    Test worker] org.apache.zookeeper.ZooKeeper           : Client environment:host.name=192.168.68.118
2025-10-23T18:54:45.393+03:00  INFO 95825 --- [    Test worker] org.apache.zookeeper.ZooKeeper           : Client environment:java.version=17.0.2
2025-10-23T18:54:45.393+03:00  INFO 95825 --- [    Test worker] org.apache.zookeeper.ZooKeeper           : Client environment:java.vendor=Oracle Corporation
2025-10-23T18:54:45.393+03:00  INFO 95825 --- [    Test worker] org.apache.zookeeper.ZooKeeper           : Client environment:java.home=/Users/kenan.sevindik/.local/share/mise/installs/java/17.0.2
2025-10-23T18:54:45.393+03:00  INFO 95825 --- [    Test worker] org.apache.zookeeper.ZooKeeper           : Client environment:java.class.path=/Users/kenan.sevindik/.gradle/caches/7.6.4/workerMain/gradle-worker.jar:/Users/kenan.sevindik/git-projects/personal/fit4j/fit4j-examples/example-kafka/build/classes/kotlin/test:/Users/kenan.sevindik/git-projects/personal/fit4j/fit4j-examples/example-kafka/build/resources/test:/Users/kenan.sevindik/.m2/repository/com/fit4j/fit4j/1.0.0-SNAPSHOT/fit4j-1.0.0-SNAPSHOT.jar:/Users/kenan.sevindik/git-projects/personal/fit4j/fit4j-examples/build/libs/fit4j-examples.jar:/Users/kenan.sevindik/.gradle/caches/modules-2/files-2.1/io.grpc/grpc-kotlin-stub/1.4.3/b5adfb8c72d6e16e61fb4af7b3465554ec791ff0/grpc-kotlin-stub-1.4.3.jar:/Users/kenan.sevindik/.gradle/caches/modules-2/files-2.1/io.github.resilience4j/resilience4j-kotlin/2.2.0/9bda85724bc7b5dd47616325ce5af38ecf5e3685/resilience4j-kotlin-2.2.0.jar:/Users/kenan.sevindik/.gradle/caches/modules-2/files-2.1/org.jetbrains.kotlinx/kotlinx-coroutines-core-jvm/1.8.1/bb0e192bd7c2b6b8217440d36e9758e377e450/kotlinx-coroutines-core-jvm-1.8.1.jar:/Users/kenan.sevindik/.gradle/caches/modules-2/files-2.1/io.mockk/mockk/1.9.1/5058fc2840d2247795bc94afa609c824a06520f9/mockk-1.9.1.jar:/Users/kenan.sevindik/.gradle/caches/modules-2/files-2.1/com.amazonaws/DynamoDBLocal/2.2.1/eb38f0614eb86d17934cad3cc1c68172e9cd536a/DynamoDBLocal-2.2.1.jar:/Users/kenan.sevindik/.gradle/caches/modules-2/files-2.1/org.springframework.boot/spring-boot-starter-web/3.3.7/75a362710036e1e597fb92df9f793561517cc821/spring-boot-starter-web-3.3.7.jar:/Users/kenan.sevindik/.gradle/caches/modules-2/files-2.1/org.springframework.boot/spring-boot-starter-json/3.3.7/d3ced6ed8c17d8b8616ec45ac95c213c5a1ca7a2/spring-boot-starter-json-3.3.7.jar:/Users/kenan.sevindik/.gradle/caches/modules-2/files-2.1/com.fasterxml.jackson.datatype/jackson-datatype-jsr310/2.17.3/a25fe2f5607fea9e00ed00cf81b7aa2eaacbbd6e/jackson-datatype-jsr310-2.17.3.jar:/Users/kenan.sevindik/.gradle/caches/modules-2/files-2.1/org.springframework.kafka/spring-kafka-test/3.2.6/203ef40607843c5286721429e54f4051b88664cd/spring-kafka-test-3.2.6.jar:/Users/kenan.sevindik/.gradle/caches/modules-2/files-2.1/org.apache.kafka/kafka_2.13/3.7.2/4543d4cab547e667bb6798617be2138f3fccbb7e/kafka_2.13-3.7.2.jar:/Users/kenan.sevindik/.gradle/caches/modules-2/files-2.1/org.apache.kafka/kafka_2.13/3.7.2/8824d29ecfe633cc94e1f77ef0bdbcd0ddabfd8f/kafka_2.13-3.7.2-test.jar:/Users/kenan.sevindik/.gradle/caches/modules-2/files-2.1/org.apache.kafka/kafka-group-coordinator/3.7.2/6482d4bf89c5de4b96c6ef1042ed8a1059b058c3/kafka-group-coordinator-3.7.2.jar:/Users/kenan.sevindik/.gradle/caches/modules-2/files-2.1/org.apache.kafka/kafka-metadata/3.7.2/d2e0259cb725882cb6983bb527138362e04dd94f/kafka-metadata-3.7.2.jar:/Users/kenan.sevindik/.gradle/caches/modules-2/files-2.1/org.apache.kafka/kafka-storage/3.7.2/b770ddb74a0aeac15031bcdd8a83bee1ff497b4e/kafka-storage-3.7.2.jar:/Users/kenan.sevindik/.gradle/caches/modules-2/files-2.1/org.apache.kafka/kafka-storage-api/3.7.2/67f4d361978ac044e806b0cceac80f451e1c34d/kafka-storage-api-3.7.2.jar:/Users/kenan.sevindik/.gradle/caches/modules-2/files-2.1/org.apache.kafka/kafka-raft/3.7.2/a764c3da1e992e8a667dc862c9c49fa3e22aa5cc/kafka-raft-3.7.2.jar:/Users/kenan.sevindik/.gradle/caches/modules-2/files-2.1/org.apache.kafka/kafka-server/3.7.2/5fe5cd22a81e2ef3bfaea11d9a7875b4245cb4e1/kafka-server-3.7.2.jar:/Users/kenan.sevindik/.gradle/caches/modules-2/files-2.1/org.apache.kafka/kafka-server-common/3.7.2/38a832df3ae62ad95f17f6d9789f89cb00f26500/kafka-server-common-3.7.2.jar:/Users/kenan.sevindik/.gradle/caches/modules-2/files-2.1/org.apache.kafka/kafka-server-common/3.7.2/e4bda4a7159de706b61fd3a8c65a7886597eb09b/kafka-server-common-3.7.2-test.jar:/Users/kenan.sevindik/.gradle/caches/modules-2/files-2.1/com.amazonaws/aws-java-sdk-dynamodb/1.12.587/a091b76eb3404660871052bc6991ef02f2cedcf4/aws-java-sdk-dynamodb-1.12.587.jar:/Users/kenan.sevindik/.gradle/caches/modules-2/files-2.1/com.amazonaws/aws-java-sdk-s3/1.12.587/8b9c83e6c3f0cf3b978cc80c6bc98c47d949e854/aws-java-sdk-s3-1.12.587.jar:/Users/kenan.sevindik/.gradle/caches/modules-2/files-2.1/com.amazonaws/aws-java-sdk-kms/1.12.587/4333f14a47bc7dd2425a8517338ed3712ec5ebdd/aws-java-sdk-kms-1.12.587.jar:/Users/kenan.sevindik/.gradle/caches/modules-2/files-2.1/com.amazonaws/aws-java-sdk-core/1.12.587/a31133e58b1e16e8d3b958f9c35b47e6b0e8ce43/aws-java-sdk-core-1.12.587.jar:/Users/kenan.sevindik/.gradle/caches/modules-2/files-2.1/com.fasterxml.jackson.module/jackson-module-scala_2.13/2.17.3/8ef54fec5b2987008d5cd62a0e9f15df844d9833/jackson-module-scala_2.13-2.17.3.jar:/Users/kenan.sevindik/.gradle/caches/modules-2/files-2.1/com.fasterxml.jackson.dataformat/jackson-dataformat-csv/2.17.3/9bdd7aa9cb3b1697efbca47c787721d36f169582/jackson-dataformat-csv-2.17.3.jar:/Users/kenan.sevindik/.gradle/caches/modules-2/files-2.1/com.fasterxml.jackson.datatype/jackson-datatype-jdk8/2.17.3/2b8b1894dc9798e761bd565df51ef1fc44c75a2a/jackson-datatype-jdk8-2.17.3.jar:/Users/kenan.sevindik/.gradle/caches/modules-2/files-2.1/org.apache.kafka/kafka-streams-test-utils/3.7.2/ad051ca181e39c2b44916f2d9c043e7642d58ef6/kafka-streams-test-utils-3.7.2.jar:/Users/kenan.sevindik/.gradle/caches/modules-2/files-2.1/org.apache.kafka/kafka-streams/3.7.2/5c0fa86a7386f992a877b59c807bc2b263efce2/kafka-streams-3.7.2.jar:/Users/kenan.sevindik/.gradle/caches/modules-2/files-2.1/com.fasterxml.jackson.dataformat/jackson-dataformat-cbor/2.17.3/5286b5df35824b8c2a8ceae9a54e99dca9220e15/jackson-dataformat-cbor-2.17.3.jar:/Users/kenan.sevindik/.gradle/caches/modules-2/files-2.1/com.amazonaws/jmespath-java/1.12.587/e38d331f0fdfc66c9556ff8866531960705566af/jmespath-java-1.12.587.jar:/Users/kenan.sevindik/.gradle/caches/modules-2/files-2.1/com.fasterxml.jackson.module/jackson-module-parameter-names/2.17.3/41feb893351163ee5b395358e5fe1404cd1c432d/jackson-module-parameter-names-2.17.3.jar:/Users/kenan.sevindik/.gradle/caches/modules-2/files-2.1/com.fasterxml.jackson.core/jackson-databind/2.17.3/42c617beb411ee813bdc39a287424bfb19d99185/jackson-databind-2.17.3.jar:/Users/kenan.sevindik/.gradle/caches/modules-2/files-2.1/org.testcontainers/junit-jupiter/1.19.8/ff21e604a365dc8e932416313a536b614eb847d5/junit-jupiter-1.19.8.jar:/Users/kenan.sevindik/.gradle/caches/modules-2/files-2.1/org.testcontainers/kafka/1.19.8/6fee6eca81ea34637ce4fc10a6b6cab08251127/kafka-1.19.8.jar:/Users/kenan.sevindik/.gradle/caches/modules-2/files-2.1/org.testcontainers/elasticsearch/1.19.8/8583b9fb2e43a0e384e8ba718d04ecfde6977a4c/elasticsearch-1.19.8.jar:/Users/kenan.sevindik/.gradle/caches/modules-2/files-2.1/org.testcontainers/mysql/1.19.8/f6aa99d924764816efd7f18c7d7bc17ee2f11853/mysql-1.19.8.jar:/Users/kenan.sevindik/.gradle/caches/modules-2/files-2.1/org.testcontainers/jdbc/1.19.8/c2282cb89ecf269885fb1a3f8add78760175274c/jdbc-1.19.8.jar:/Users/kenan.sevindik/.gradle/caches/modules-2/files-2.1/org.testcontainers/database-commons/1.19.8/4e6777f6dd803ed35d47ab6035c962329e87692e/database-commons-1.19.8.jar:/Users/kenan.sevindik/.gradle/caches/modules-2/files-2.1/org.testcontainers/testcontainers/1.19.8/f29b06c6f2aa69f4125f6cb95ed61d3efe63c30/testcontainers-1.19.8.jar:/Users/kenan.sevindik/.gradle/caches/modules-2/files-2.1/com.github.docker-java/docker-java-api/3.3.6/8e152880bfe595c81a25501e21a6d7b1d4df97be/docker-java-api-3.3.6.jar:/Users/kenan.sevindik/.gradle/caches/modules-2/files-2.1/com.fasterxml.jackson.core/jackson-annotations/2.17.3/4f30a05d2eee0ab700cdc27aa5967e934d3042b2/jackson-annotations-2.17.3.jar:/Users/kenan.sevindik/.gradle/caches/modules-2/files-2.1/com.fasterxml.jackson.core/jackson-core/2.17.3/1d6eb3e959c737692b720d3492b2f1f34c4c8579/jackson-core-2.17.3.jar:/Users/kenan.sevindik/.gradle/caches/modules-2/files-2.1/com.fasterxml.jackson.module/jackson-module-kotlin/2.17.3/25497a88d276
[...]
2025-10-23T18:54:46.965+03:00  INFO 95825 --- [quest-handler-5] kafka.cluster.Partition                  : [Partition __consumer_offsets-1 broker=0] No checkpointed highwatermark is found for partition __consumer_offsets-1
2025-10-23T18:54:46.965+03:00  INFO 95825 --- [quest-handler-5] kafka.cluster.Partition                  : [Partition __consumer_offsets-1 broker=0] Log loaded for partition __consumer_offsets-1 with initial high watermark 0
2025-10-23T18:54:46.965+03:00  INFO 95825 --- [quest-handler-5] state.change.logger                      : [Broker id=0] Leader __consumer_offsets-1 with topic id Some(onn3fpu6R22MsDv8nmGqdg) starts at leader epoch 0 from offset 0 with partition epoch 0, high watermark 0, ISR [0], adding replicas [] and removing replicas [] . Previous leader None and previous leader epoch was -1.
2025-10-23T18:54:46.977+03:00  INFO 95825 --- [quest-handler-5] kafka.log.UnifiedLog$                    : [LogLoader partition=__consumer_offsets-0, dir=/var/folders/p1/1ppkq6fs54x0wjtd5zbn9wh00000gr/T/spring.kafka.5c3e7c95-3a31-447a-aed6-367f238067b72129411881383861757] Loading producer state till offset 0 with message format version 2
2025-10-23T18:54:46.977+03:00  INFO 95825 --- [quest-handler-5] kafka.log.LogManager                     : Created log for partition __consumer_offsets-0 in /var/folders/p1/1ppkq6fs54x0wjtd5zbn9wh00000gr/T/spring.kafka.5c3e7c95-3a31-447a-aed6-367f238067b72129411881383861757/__consumer_offsets-0 with properties {cleanup.policy=compact, compression.type="producer", segment.bytes=104857600}
2025-10-23T18:54:46.978+03:00  INFO 95825 --- [quest-handler-5] kafka.cluster.Partition                  : [Partition __consumer_offsets-0 broker=0] No checkpointed highwatermark is found for partition __consumer_offsets-0
2025-10-23T18:54:46.978+03:00  INFO 95825 --- [quest-handler-5] kafka.cluster.Partition                  : [Partition __consumer_offsets-0 broker=0] Log loaded for partition __consumer_offsets-0 with initial high watermark 0
2025-10-23T18:54:46.978+03:00  INFO 95825 --- [quest-handler-5] state.change.logger                      : [Broker id=0] Leader __consumer_offsets-0 with topic id Some(onn3fpu6R22MsDv8nmGqdg) starts at leader epoch 0 from offset 0 with partition epoch 0, high watermark 0, ISR [0], adding replicas [] and removing replicas [] . Previous leader None and previous leader epoch was -1.
2025-10-23T18:54:46.984+03:00  INFO 95825 --- [quest-handler-5] k.coordinator.group.GroupCoordinator     : [GroupCoordinator 0]: Elected as the group coordinator for partition 3 in epoch 0
2025-10-23T18:54:46.985+03:00  INFO 95825 --- [quest-handler-5] k.c.group.GroupMetadataManager           : [GroupMetadataManager brokerId=0] Scheduling loading of offsets and group metadata from __consumer_offsets-3 for epoch 0
2025-10-23T18:54:46.985+03:00  INFO 95825 --- [quest-handler-5] k.coordinator.group.GroupCoordinator     : [GroupCoordinator 0]: Elected as the group coordinator for partition 2 in epoch 0
2025-10-23T18:54:46.985+03:00  INFO 95825 --- [quest-handler-5] k.c.group.GroupMetadataManager           : [GroupMetadataManager brokerId=0] Scheduling loading of offsets and group metadata from __consumer_offsets-2 for epoch 0
2025-10-23T18:54:46.985+03:00  INFO 95825 --- [quest-handler-5] k.coordinator.group.GroupCoordinator     : [GroupCoordinator 0]: Elected as the group coordinator for partition 4 in epoch 0
2025-10-23T18:54:46.985+03:00  INFO 95825 --- [quest-handler-5] k.c.group.GroupMetadataManager           : [GroupMetadataManager brokerId=0] Scheduling loading of offsets and group metadata from __consumer_offsets-4 for epoch 0
2025-10-23T18:54:46.985+03:00  INFO 95825 --- [quest-handler-5] k.coordinator.group.GroupCoordinator     : [GroupCoordinator 0]: Elected as the group coordinator for partition 1 in epoch 0
2025-10-23T18:54:46.986+03:00  INFO 95825 --- [quest-handler-5] k.c.group.GroupMetadataManager           : [GroupMetadataManager brokerId=0] Scheduling loading of offsets and group metadata from __consumer_offsets-1 for epoch 0
2025-10-23T18:54:46.986+03:00  INFO 95825 --- [quest-handler-5] k.coordinator.group.GroupCoordinator     : [GroupCoordinator 0]: Elected as the group coordinator for partition 0 in epoch 0
2025-10-23T18:54:46.986+03:00  INFO 95825 --- [quest-handler-5] k.c.group.GroupMetadataManager           : [GroupMetadataManager brokerId=0] Scheduling loading of offsets and group metadata from __consumer_offsets-0 for epoch 0
2025-10-23T18:54:46.986+03:00  INFO 95825 --- [quest-handler-5] state.change.logger                      : [Broker id=0] Finished LeaderAndIsr request in 65ms correlationId 3 from controller 0 for 5 partitions
2025-10-23T18:54:46.987+03:00  INFO 95825 --- [quest-handler-6] state.change.logger                      : [Broker id=0] Add 5 partitions and deleted 0 partitions from metadata cache in response to UpdateMetadata request sent by controller 0 epoch 1 with correlation id 4
2025-10-23T18:54:46.988+03:00  INFO 95825 --- [adata-manager-0] k.c.group.GroupMetadataManager           : [GroupMetadataManager brokerId=0] Finished loading offsets and group metadata from __consumer_offsets-3 in 2 milliseconds for epoch 0, of which 1 milliseconds was spent in the scheduler.
2025-10-23T18:54:46.988+03:00  INFO 95825 --- [adata-manager-0] k.c.group.GroupMetadataManager           : [GroupMetadataManager brokerId=0] Finished loading offsets and group metadata from __consumer_offsets-2 in 3 milliseconds for epoch 0, of which 3 milliseconds was spent in the scheduler.
2025-10-23T18:54:46.988+03:00  INFO 95825 --- [adata-manager-0] k.c.group.GroupMetadataManager           : [GroupMetadataManager brokerId=0] Finished loading offsets and group metadata from __consumer_offsets-4 in 3 milliseconds for epoch 0, of which 3 milliseconds was spent in the scheduler.
2025-10-23T18:54:46.988+03:00  INFO 95825 --- [adata-manager-0] k.c.group.GroupMetadataManager           : [GroupMetadataManager brokerId=0] Finished loading offsets and group metadata from __consumer_offsets-1 in 2 milliseconds for epoch 0, of which 2 milliseconds was spent in the scheduler.
2025-10-23T18:54:46.988+03:00  INFO 95825 --- [adata-manager-0] k.c.group.GroupMetadataManager           : [GroupMetadataManager brokerId=0] Finished loading offsets and group metadata from __consumer_offsets-0 in 2 milliseconds for epoch 0, of which 2 milliseconds was spent in the scheduler.
2025-10-23T18:54:47.192+03:00  INFO 95825 --- [    Test worker] n.d.b.g.s.s.AbstractGrpcServerFactory    : Registered gRPC service: grpc.health.v1.Health, bean: grpcHealthService, class: io.grpc.protobuf.services.HealthServiceImpl
2025-10-23T18:54:47.192+03:00  INFO 95825 --- [    Test worker] n.d.b.g.s.s.AbstractGrpcServerFactory    : Registered gRPC service: grpc.reflection.v1alpha.ServerReflection, bean: protoReflectionService, class: io.grpc.protobuf.services.ProtoReflectionService
2025-10-23T18:54:47.192+03:00  INFO 95825 --- [    Test worker] n.d.b.g.s.s.AbstractGrpcServerFactory    : Registered gRPC service: com.example.FooService, bean: com.fit4j.grpc.SubFooServiceImplBase, class: com.fit4j.grpc.SubFooServiceImplBase
2025-10-23T18:54:47.195+03:00  INFO 95825 --- [    Test worker] n.d.b.g.s.s.GrpcServerLifecycle          : gRPC Server started, listening on address: in-process:b2ee36f8-1321-43e0-9f3b-b77d289f4948, port: -1
2025-10-23T18:54:47.198+03:00  INFO 95825 --- [e-topic-1-0-C-1] o.a.k.c.c.internals.ConsumerCoordinator  : [Consumer clientId=consumer-sample-consumer-group_9ab00f67-bcc2-41d7-95f9-0f362cb03d0d-1, groupId=sample-consumer-group_9ab00f67-bcc2-41d7-95f9-0f362cb03d0d] Discovered group coordinator localhost:57278 (id: 2147483647 rack: null)
2025-10-23T18:54:47.198+03:00  INFO 95825 --- [e-topic-1-0-C-1] o.a.k.c.c.internals.ConsumerCoordinator  : [Consumer clientId=consumer-sample-consumer-group_9ab00f67-bcc2-41d7-95f9-0f362cb03d0d-1, groupId=sample-consumer-group_9ab00f67-bcc2-41d7-95f9-0f362cb03d0d] (Re-)joining group
2025-10-23T18:54:47.201+03:00  INFO 95825 --- [    Test worker] c.fit4j.examples.kafka.KafkaExampleFIT   : Started KafkaExampleFIT in 2.21 seconds (process running for 2.773)
2025-10-23T18:54:47.207+03:00  INFO 95825 --- [quest-handler-1] k.coordinator.group.GroupCoordinator     : [GroupCoordinator 0]: Dynamic member with unknown member id joins group sample-consumer-group_9ab00f67-bcc2-41d7-95f9-0f362cb03d0d in Empty state. Created a new member id consumer-sample-consumer-group_9ab00f67-bcc2-41d7-95f9-0f362cb03d0d-1-3c8a08e7-f7d0-4f33-a5a4-9b462875a7d0 and request the member to rejoin with this id.
2025-10-23T18:54:47.209+03:00  INFO 95825 --- [e-topic-1-0-C-1] o.a.k.c.c.internals.ConsumerCoordinator  : [Consumer clientId=consumer-sample-consumer-group_9ab00f67-bcc2-41d7-95f9-0f362cb03d0d-1, groupId=sample-consumer-group_9ab00f67-bcc2-41d7-95f9-0f362cb03d0d] Request joining group due to: need to re-join with the given member-id: consumer-sample-consumer-group_9ab00f67-bcc2-41d7-95f9-0f362cb03d0d-1-3c8a08e7-f7d0-4f33-a5a4-9b462875a7d0
2025-10-23T18:54:47.209+03:00  INFO 95825 --- [e-topic-1-0-C-1] o.a.k.c.c.internals.ConsumerCoordinator  : [Consumer clientId=consumer-sample-consumer-group_9ab00f67-bcc2-41d7-95f9-0f362cb03d0d-1, groupId=sample-consumer-group_9ab00f67-bcc2-41d7-95f9-0f362cb03d0d] (Re-)joining group
2025-10-23T18:54:47.211+03:00  INFO 95825 --- [quest-handler-2] k.coordinator.group.GroupCoordinator     : [GroupCoordinator 0]: Preparing to rebalance group sample-consumer-group_9ab00f67-bcc2-41d7-95f9-0f362cb03d0d in state PreparingRebalance with old generation 0 (__consumer_offsets-1) (reason: Adding new member consumer-sample-consumer-group_9ab00f67-bcc2-41d7-95f9-0f362cb03d0d-1-3c8a08e7-f7d0-4f33-a5a4-9b462875a7d0 with group instance id None; client reason: need to re-join with the given member-id: consumer-sample-consumer-group_9ab00f67-bcc2-41d7-95f9-0f362cb03d0d-1-3c8a08e7-f7d0-4f33-a5a4-9b462875a7d0)
2025-10-23T18:54:47.213+03:00  INFO 95825 --- [cutor-Rebalance] k.coordinator.group.GroupCoordinator     : [GroupCoordinator 0]: Stabilized group sample-consumer-group_9ab00f67-bcc2-41d7-95f9-0f362cb03d0d generation 1 (__consumer_offsets-1) with 1 members
2025-10-23T18:54:47.214+03:00  INFO 95825 --- [e-topic-1-0-C-1] o.a.k.c.c.internals.ConsumerCoordinator  : [Consumer clientId=consumer-sample-consumer-group_9ab00f67-bcc2-41d7-95f9-0f362cb03d0d-1, groupId=sample-consumer-group_9ab00f67-bcc2-41d7-95f9-0f362cb03d0d] Successfully joined group with generation Generation{generationId=1, memberId='consumer-sample-consumer-group_9ab00f67-bcc2-41d7-95f9-0f362cb03d0d-1-3c8a08e7-f7d0-4f33-a5a4-9b462875a7d0', protocol='range'}
2025-10-23T18:54:47.216+03:00  INFO 95825 --- [e-topic-1-0-C-1] o.a.k.c.c.internals.ConsumerCoordinator  : [Consumer clientId=consumer-sample-consumer-group_9ab00f67-bcc2-41d7-95f9-0f362cb03d0d-1, groupId=sample-consumer-group_9ab00f67-bcc2-41d7-95f9-0f362cb03d0d] Finished assignment for group at generation 1: {consumer-sample-consumer-group_9ab00f67-bcc2-41d7-95f9-0f362cb03d0d-1-3c8a08e7-f7d0-4f33-a5a4-9b462875a7d0=Assignment(partitions=[sample-topic-1-0, sample-topic-1-1])}
2025-10-23T18:54:47.219+03:00  INFO 95825 --- [quest-handler-5] k.coordinator.group.GroupCoordinator     : [GroupCoordinator 0]: Assignment received from leader consumer-sample-consumer-group_9ab00f67-bcc2-41d7-95f9-0f362cb03d0d-1-3c8a08e7-f7d0-4f33-a5a4-9b462875a7d0 for group sample-consumer-group_9ab00f67-bcc2-41d7-95f9-0f362cb03d0d for generation 1. The group has 1 members, 0 of which are static.
2025-10-23T18:54:47.233+03:00  INFO 95825 --- [e-topic-1-0-C-1] o.a.k.c.c.internals.ConsumerCoordinator  : [Consumer clientId=consumer-sample-consumer-group_9ab00f67-bcc2-41d7-95f9-0f362cb03d0d-1, groupId=sample-consumer-group_9ab00f67-bcc2-41d7-95f9-0f362cb03d0d] Successfully synced group in generation Generation{generationId=1, memberId='consumer-sample-consumer-group_9ab00f67-bcc2-41d7-95f9-0f362cb03d0d-1-3c8a08e7-f7d0-4f33-a5a4-9b462875a7d0', protocol='range'}
2025-10-23T18:54:47.234+03:00  INFO 95825 --- [e-topic-1-0-C-1] o.a.k.c.c.internals.ConsumerCoordinator  : [Consumer clientId=consumer-sample-consumer-group_9ab00f67-bcc2-41d7-95f9-0f362cb03d0d-1, groupId=sample-consumer-group_9ab00f67-bcc2-41d7-95f9-0f362cb03d0d] Notifying assignor about the new Assignment(partitions=[sample-topic-1-0, sample-topic-1-1])
2025-10-23T18:54:47.235+03:00  INFO 95825 --- [e-topic-1-0-C-1] k.c.c.i.ConsumerRebalanceListenerInvoker : [Consumer clientId=consumer-sample-consumer-group_9ab00f67-bcc2-41d7-95f9-0f362cb03d0d-1, groupId=sample-consumer-group_9ab00f67-bcc2-41d7-95f9-0f362cb03d0d] Adding newly assigned partitions: sample-topic-1-0, sample-topic-1-1
2025-10-23T18:54:47.238+03:00  INFO 95825 --- [e-topic-1-0-C-1] o.a.k.c.c.internals.ConsumerCoordinator  : [Consumer clientId=consumer-sample-consumer-group_9ab00f67-bcc2-41d7-95f9-0f362cb03d0d-1, groupId=sample-consumer-group_9ab00f67-bcc2-41d7-95f9-0f362cb03d0d] Found no committed offset for partition sample-topic-1-0
2025-10-23T18:54:47.238+03:00  INFO 95825 --- [e-topic-1-0-C-1] o.a.k.c.c.internals.ConsumerCoordinator  : [Consumer clientId=consumer-sample-consumer-group_9ab00f67-bcc2-41d7-95f9-0f362cb03d0d-1, groupId=sample-consumer-group_9ab00f67-bcc2-41d7-95f9-0f362cb03d0d] Found no committed offset for partition sample-topic-1-1
2025-10-23T18:54:47.239+03:00  INFO 95825 --- [e-topic-1-0-C-1] o.a.k.c.c.internals.ConsumerCoordinator  : [Consumer clientId=consumer-sample-consumer-group_9ab00f67-bcc2-41d7-95f9-0f362cb03d0d-1, groupId=sample-consumer-group_9ab00f67-bcc2-41d7-95f9-0f362cb03d0d] Found no committed offset for partition sample-topic-1-0
2025-10-23T18:54:47.239+03:00  INFO 95825 --- [e-topic-1-0-C-1] o.a.k.c.c.internals.ConsumerCoordinator  : [Consumer clientId=consumer-sample-consumer-group_9ab00f67-bcc2-41d7-95f9-0f362cb03d0d-1, groupId=sample-consumer-group_9ab00f67-bcc2-41d7-95f9-0f362cb03d0d] Found no committed offset for partition sample-topic-1-1
2025-10-23T18:54:47.243+03:00  INFO 95825 --- [e-topic-1-0-C-1] o.a.k.c.c.internals.SubscriptionState    : [Consumer clientId=consumer-sample-consumer-group_9ab00f67-bcc2-41d7-95f9-0f362cb03d0d-1, groupId=sample-consumer-group_9ab00f67-bcc2-41d7-95f9-0f362cb03d0d] Resetting offset for partition sample-topic-1-0 to position FetchPosition{offset=0, offsetEpoch=Optional.empty, currentLeader=LeaderAndEpoch{leader=Optional[localhost:57278 (id: 0 rack: null)], epoch=0}}.
2025-10-23T18:54:47.244+03:00  INFO 95825 --- [e-topic-1-0-C-1] o.a.k.c.c.internals.SubscriptionState    : [Consumer clientId=consumer-sample-consumer-group_9ab00f67-bcc2-41d7-95f9-0f362cb03d0d-1, groupId=sample-consumer-group_9ab00f67-bcc2-41d7-95f9-0f362cb03d0d] Resetting offset for partition sample-topic-1-1 to position FetchPosition{offset=0, offsetEpoch=Optional.empty, currentLeader=LeaderAndEpoch{leader=Optional[localhost:57278 (id: 0 rack: null)], epoch=0}}.
2025-10-23T18:54:47.250+03:00  INFO 95825 --- [e-topic-1-0-C-1] o.s.k.l.KafkaMessageListenerContainer    : sample-consumer-group_9ab00f67-bcc2-41d7-95f9-0f362cb03d0d: partitions assigned: [sample-topic-1-0, sample-topic-1-1]
2025-10-23T18:54:47.529+03:00  INFO 95825 --- [    Test worker] o.a.k.clients.producer.ProducerConfig    : ProducerConfig values: 
	acks = -1
	auto.include.jmx.reporter = true
	batch.size = 16384
	bootstrap.servers = [127.0.0.1:57278]
	buffer.memory = 33554432
	client.dns.lookup = use_all_dns_ips
	client.id = producer-1
	compression.type = none
	connections.max.idle.ms = 540000
	delivery.timeout.ms = 120000
	enable.idempotence = true
	enable.metrics.push = true
	interceptor.classes = []
	key.serializer = class org.apache.kafka.common.serialization.StringSerializer
	linger.ms = 0
	max.block.ms = 60000
	max.in.flight.requests.per.connection = 5
	max.request.size = 1048576
	metadata.max.age.ms = 300000
	metadata.max.idle.ms = 300000
	metric.reporters = []
	metrics.num.samples = 2
	metrics.recording.level = INFO
	metrics.sample.window.ms = 30000
	partitioner.adaptive.partitioning.enable = true
	partitioner.availability.timeout.ms = 0
	partitioner.class = null
	partitioner.ignore.keys = false
	receive.buffer.bytes = 32768
	reconnect.backoff.max.ms = 1000
	reconnect.backoff.ms = 50
	request.timeout.ms = 30000
	retries = 2147483647
	retry.backoff.max.ms = 1000
	retry.backoff.ms = 100
	sasl.client.callback.handler.class = null
	sasl.jaas.config = null
	sasl.kerberos.kinit.cmd = /usr/bin/kinit
	sasl.kerberos.min.time.before.relogin = 60000
	sasl.kerberos.service.name = null
	sasl.kerberos.ticket.renew.jitter = 0.05
	sasl.kerberos.ticket.renew.window.factor = 0.8
	sasl.login.callback.handler.class = null
	sasl.login.class = null
	sasl.login.connect.timeout.ms = null
	sasl.login.read.timeout.ms = null
	sasl.login.refresh.buffer.seconds = 300
	sasl.login.refresh.min.period.seconds = 60
	sasl.login.refresh.window.factor = 0.8
	sasl.login.refresh.window.jitter = 0.05
	sasl.login.retry.backoff.max.ms = 10000
	sasl.login.retry.backoff.ms = 100
	sasl.mechanism = GSSAPI
	sasl.oauthbearer.clock.skew.seconds = 30
	sasl.oauthbearer.expected.audience = null
	sasl.oauthbearer.expected.issuer = null
	sasl.oauthbearer.jwks.endpoint.refresh.ms = 3600000
	sasl.oauthbearer.jwks.endpoint.retry.backoff.max.ms = 10000
	sasl.oauthbearer.jwks.endpoint.retry.backoff.ms = 100
	sasl.oauthbearer.jwks.endpoint.url = null
	sasl.oauthbearer.scope.claim.name = scope
	sasl.oauthbearer.sub.claim.name = sub
	sasl.oauthbearer.token.endpoint.url = null
	security.protocol = PLAINTEXT
	security.providers = null
	send.buffer.bytes = 131072
	socket.connection.setup.timeout.max.ms = 30000
	socket.connection.setup.timeout.ms = 10000
	ssl.cipher.suites = null
	ssl.enabled.protocols = [TLSv1.2, TLSv1.3]
	ssl.endpoint.identification.algorithm = https
	ssl.engine.factory.class = null
	ssl.key.password = null
	ssl.keymanager.algorithm = SunX509
	ssl.keystore.certificate.chain = null
	ssl.keystore.key = null
	ssl.keystore.location = null
	ssl.keystore.password = null
	ssl.keystore.type = JKS
	ssl.protocol = TLSv1.3
	ssl.provider = null
	ssl.secure.random.implementation = null
	ssl.trustmanager.algorithm = PKIX
	ssl.truststore.certificates = null
	ssl.truststore.location = null
	ssl.truststore.password = null
	ssl.truststore.type = JKS
	transaction.timeout.ms = 60000
	transactional.id = null
	value.serializer = class com.fit4j.examples.kafka.MessageSerializer

2025-10-23T18:54:47.530+03:00  INFO 95825 --- [    Test worker] o.a.k.c.t.i.KafkaMetricsCollector        : initializing Kafka metrics collector
2025-10-23T18:54:47.533+03:00  INFO 95825 --- [    Test worker] o.a.k.clients.producer.KafkaProducer     : [Producer clientId=producer-1] Instantiated an idempotent producer.
2025-10-23T18:54:47.538+03:00  INFO 95825 --- [    Test worker] o.a.kafka.common.utils.AppInfoParser     : Kafka version: 3.7.2
2025-10-23T18:54:47.538+03:00  INFO 95825 --- [    Test worker] o.a.kafka.common.utils.AppInfoParser     : Kafka commitId: 79a8f2b5f44f9d5a
2025-10-23T18:54:47.538+03:00  INFO 95825 --- [    Test worker] o.a.kafka.common.utils.AppInfoParser     : Kafka startTimeMs: 1761234887538
2025-10-23T18:54:47.540+03:00  INFO 95825 --- [ad | producer-1] org.apache.kafka.clients.Metadata        : [Producer clientId=producer-1] Cluster ID: u-ekPm3vReaBJ0n0TxELEw
2025-10-23T18:54:47.553+03:00  INFO 95825 --- [er-event-thread] kafka.controller.KafkaController         : [Controller id=0] Acquired new producerId block ProducerIdsBlock(assignedBrokerId=0, firstProducerId=0, size=1000) by writing to Zk with path version 1
2025-10-23T18:54:47.647+03:00  INFO 95825 --- [ad | producer-1] o.a.k.c.p.internals.TransactionManager   : [Producer clientId=producer-1] ProducerId set to 0 with epoch 0
]]></system-out>
  <system-err><![CDATA[]]></system-err>
</testsuite>
